<?xml version="1.0" encoding="UTF-8"?>
<!-- Generated by org.testng.reporters.JUnitReportReporter -->
<testsuite hostname="LAPTOP-9L7GU43Q" failures="0" tests="7" name="org.tests.qa.GET_RequestTest" time="2.206" errors="0" timestamp="2026-06-14T20:03:39 IST" skipped="0">
  <testcase classname="org.tests.qa.GET_RequestTest" name="listAllProd" time="0.348"/>
  <testcase classname="org.tests.qa.GET_RequestTest" name="getProductById" time="0.079"/>
  <testcase classname="org.tests.qa.GET_RequestTest" name="getCurrentUserCart" time="0.300"/>
  <testcase classname="org.tests.qa.GET_RequestTest" name="getCurrentUserProfile" time="0.312"/>
  <testcase classname="org.tests.qa.GET_RequestTest" name="getWishlist" time="0.400"/>
  <testcase classname="org.tests.qa.GET_RequestTest" name="getAllOrders" time="0.380"/>
  <testcase classname="org.tests.qa.GET_RequestTest" name="getOrderDetails" time="0.387"/>
</testsuite> <!-- org.tests.qa.GET_RequestTest -->
