<?xml version="1.0" encoding="UTF-8"?>
<!-- Generated by org.testng.reporters.JUnitReportReporter -->
<testsuite hostname="LAPTOP-9L7GU43Q" failures="0" tests="8" name="org.tests.qa.POST_RequestTest" time="6.589" errors="0" timestamp="2026-06-14T20:03:39 IST" skipped="0">
  <testcase classname="org.tests.qa.POST_RequestTest" name="resetPassEmail" time="0.429"/>
  <testcase classname="org.tests.qa.POST_RequestTest" name="addProdToWl" time="2.550"/>
  <testcase classname="org.tests.qa.POST_RequestTest" name="login" time="0.636"/>
  <testcase classname="org.tests.qa.POST_RequestTest" name="addItemtocart" time="0.318"/>
  <testcase classname="org.tests.qa.POST_RequestTest" name="newUserRegister" time="0.754"/>
  <testcase classname="org.tests.qa.POST_RequestTest" name="placeAnOrder" time="0.427"/>
  <testcase classname="org.tests.qa.POST_RequestTest" name="validCouponCode" time="0.482"/>
  <testcase classname="org.tests.qa.POST_RequestTest" name="deliveryAdd" time="0.993"/>
</testsuite> <!-- org.tests.qa.POST_RequestTest -->
