<?xml version="1.0" encoding="UTF-8"?>
<!-- Generated by org.testng.reporters.JUnitReportReporter -->
<testsuite hostname="LAPTOP-9L7GU43Q" failures="0" tests="2" name="org.tests.qa.PUT_RequestTest" time="0.642" errors="0" timestamp="2026-06-14T20:03:39 IST" skipped="0">
  <testcase classname="org.tests.qa.PUT_RequestTest" name="updateCartQty" time="0.312"/>
  <testcase classname="org.tests.qa.PUT_RequestTest" name="updateUserProfile" time="0.330"/>
</testsuite> <!-- org.tests.qa.PUT_RequestTest -->
