<?xml version="1.0" encoding="UTF-8"?>
<testng-results ignored="0" total="28" passed="27" failed="0" skipped="1">
  <reporter-output>
  </reporter-output>
  <suite started-at="2026-06-12T14:34:33 IST" name="Suite" finished-at="2026-06-12T14:37:58 IST" duration-ms="205208">
    <groups>
    </groups>
    <test started-at="2026-06-12T14:34:33 IST" name="Test" finished-at="2026-06-12T14:37:58 IST" duration-ms="205208">
      <class name="org.tests.qa.MyAccountTest">
        <test-method is-config="true" signature="setUp()[pri:0, instance:org.tests.qa.MyAccountTest@1e225820]" started-at="2026-06-12T14:37:52 IST" name="setUp" finished-at="2026-06-12T14:37:55 IST" duration-ms="3812" status="PASS">
          <reporter-output>
          </reporter-output>
        </test-method> <!-- setUp -->
        <test-method signature="ATC_020_Verify_my_acc_page_navigation()[pri:0, instance:org.tests.qa.MyAccountTest@1e225820]" started-at="2026-06-12T14:37:55 IST" name="ATC_020_Verify_my_acc_page_navigation" finished-at="2026-06-12T14:37:58 IST" duration-ms="2314" status="PASS">
          <reporter-output>
          </reporter-output>
        </test-method> <!-- ATC_020_Verify_my_acc_page_navigation -->
        <test-method is-config="true" signature="tearDownT(org.testng.ITestResult)[pri:0, instance:org.tests.qa.MyAccountTest@1e225820]" started-at="2026-06-12T14:37:58 IST" name="tearDownT" finished-at="2026-06-12T14:37:58 IST" duration-ms="210" status="PASS">
          <params>
            <param index="0">
              <value>
                <![CDATA[[TestResult name=ATC_020_Verify_my_acc_page_navigation status=SUCCESS method=MyAccountTest.ATC_020_Verify_my_acc_page_navigation()[pri:0, instance:org.tests.qa.MyAccountTest@1e225820] output={null}]]]>
              </value>
            </param>
          </params>
          <reporter-output>
          </reporter-output>
        </test-method> <!-- tearDownT -->
      </class> <!-- org.tests.qa.MyAccountTest -->
      <class name="org.tests.qa.WishlistTest">
        <test-method is-config="true" signature="setUp()[pri:0, instance:org.tests.qa.WishlistTest@1150d471]" started-at="2026-06-12T14:36:53 IST" name="setUp" finished-at="2026-06-12T14:36:58 IST" duration-ms="4457" status="PASS">
          <reporter-output>
          </reporter-output>
        </test-method> <!-- setUp -->
        <test-method signature="ATC_009_Add_product_to_wishlist()[pri:0, instance:org.tests.qa.WishlistTest@1150d471]" started-at="2026-06-12T14:36:58 IST" name="ATC_009_Add_product_to_wishlist" finished-at="2026-06-12T14:37:02 IST" duration-ms="4155" status="PASS">
          <reporter-output>
          </reporter-output>
        </test-method> <!-- ATC_009_Add_product_to_wishlist -->
        <test-method is-config="true" signature="tearDownT(org.testng.ITestResult)[pri:0, instance:org.tests.qa.WishlistTest@1150d471]" started-at="2026-06-12T14:37:02 IST" name="tearDownT" finished-at="2026-06-12T14:37:02 IST" duration-ms="220" status="PASS">
          <params>
            <param index="0">
              <value>
                <![CDATA[[TestResult name=ATC_009_Add_product_to_wishlist status=SUCCESS method=WishlistTest.ATC_009_Add_product_to_wishlist()[pri:0, instance:org.tests.qa.WishlistTest@1150d471] output={null}]]]>
              </value>
            </param>
          </params>
          <reporter-output>
          </reporter-output>
        </test-method> <!-- tearDownT -->
      </class> <!-- org.tests.qa.WishlistTest -->
      <class name="org.tests.qa.PriceFilterTest">
        <test-method is-config="true" signature="setUp()[pri:0, instance:org.tests.qa.PriceFilterTest@16a5c7e4]" started-at="2026-06-12T14:37:45 IST" name="setUp" finished-at="2026-06-12T14:37:49 IST" duration-ms="4189" status="PASS">
          <reporter-output>
          </reporter-output>
        </test-method> <!-- setUp -->
        <test-method signature="ATC_005_Verify_prod_sort()[pri:0, instance:org.tests.qa.PriceFilterTest@16a5c7e4]" started-at="2026-06-12T14:37:49 IST" name="ATC_005_Verify_prod_sort" finished-at="2026-06-12T14:37:51 IST" duration-ms="2669" status="PASS">
          <reporter-output>
          </reporter-output>
        </test-method> <!-- ATC_005_Verify_prod_sort -->
        <test-method is-config="true" signature="tearDownT(org.testng.ITestResult)[pri:0, instance:org.tests.qa.PriceFilterTest@16a5c7e4]" started-at="2026-06-12T14:37:51 IST" name="tearDownT" finished-at="2026-06-12T14:37:52 IST" duration-ms="174" status="PASS">
          <params>
            <param index="0">
              <value>
                <![CDATA[[TestResult name=ATC_005_Verify_prod_sort status=SUCCESS method=PriceFilterTest.ATC_005_Verify_prod_sort()[pri:0, instance:org.tests.qa.PriceFilterTest@16a5c7e4] output={null}]]]>
              </value>
            </param>
          </params>
          <reporter-output>
          </reporter-output>
        </test-method> <!-- tearDownT -->
      </class> <!-- org.tests.qa.PriceFilterTest -->
      <class name="org.tests.qa.CheckoutTest">
        <test-method is-config="true" signature="setUp()[pri:0, instance:org.tests.qa.CheckoutTest@70029d2d]" started-at="2026-06-12T14:36:38 IST" name="setUp" finished-at="2026-06-12T14:36:42 IST" duration-ms="3457" status="PASS">
          <reporter-output>
          </reporter-output>
        </test-method> <!-- setUp -->
        <test-method signature="ATC_010_Complete_full_checkout()[pri:0, instance:org.tests.qa.CheckoutTest@70029d2d]" started-at="2026-06-12T14:36:42 IST" name="ATC_010_Complete_full_checkout" finished-at="2026-06-12T14:36:53 IST" duration-ms="11550" status="PASS">
          <reporter-output>
          </reporter-output>
        </test-method> <!-- ATC_010_Complete_full_checkout -->
        <test-method is-config="true" signature="tearDownT(org.testng.ITestResult)[pri:0, instance:org.tests.qa.CheckoutTest@70029d2d]" started-at="2026-06-12T14:36:53 IST" name="tearDownT" finished-at="2026-06-12T14:36:53 IST" duration-ms="189" status="PASS">
          <params>
            <param index="0">
              <value>
                <![CDATA[[TestResult name=ATC_010_Complete_full_checkout status=SUCCESS method=CheckoutTest.ATC_010_Complete_full_checkout()[pri:0, instance:org.tests.qa.CheckoutTest@70029d2d] output={null}]]]>
              </value>
            </param>
          </params>
          <reporter-output>
          </reporter-output>
        </test-method> <!-- tearDownT -->
      </class> <!-- org.tests.qa.CheckoutTest -->
      <class name="org.tests.qa.SearchProductTest">
        <test-method is-config="true" signature="setUp()[pri:0, instance:org.tests.qa.SearchProductTest@7412a438]" started-at="2026-06-12T14:35:06 IST" name="setUp" finished-at="2026-06-12T14:35:12 IST" duration-ms="5386" status="PASS">
          <reporter-output>
          </reporter-output>
        </test-method> <!-- setUp -->
        <test-method signature="ATC_004_Verify_product_with_valid_keyword(java.lang.String)[pri:1, instance:org.tests.qa.SearchProductTest@7412a438]" started-at="2026-06-12T14:35:12 IST" name="ATC_004_Verify_product_with_valid_keyword" data-provider="validProdSrch" finished-at="2026-06-12T14:35:13 IST" duration-ms="1073" status="PASS">
          <params>
            <param index="0">
              <value>
                <![CDATA[jeans]]>
              </value>
            </param>
          </params>
          <reporter-output>
          </reporter-output>
        </test-method> <!-- ATC_004_Verify_product_with_valid_keyword -->
        <test-method is-config="true" signature="tearDownT(org.testng.ITestResult)[pri:0, instance:org.tests.qa.SearchProductTest@7412a438]" started-at="2026-06-12T14:35:13 IST" name="tearDownT" finished-at="2026-06-12T14:35:13 IST" duration-ms="206" status="PASS">
          <params>
            <param index="0">
              <value>
                <![CDATA[[TestResult name=ATC_004_Verify_product_with_valid_keyword status=SUCCESS method=SearchProductTest.ATC_004_Verify_product_with_valid_keyword(java.lang.String)[pri:1, instance:org.tests.qa.SearchProductTest@7412a438] output={null}]]]>
              </value>
            </param>
          </params>
          <reporter-output>
          </reporter-output>
        </test-method> <!-- tearDownT -->
        <test-method is-config="true" signature="setUp()[pri:0, instance:org.tests.qa.SearchProductTest@7412a438]" started-at="2026-06-12T14:35:13 IST" name="setUp" finished-at="2026-06-12T14:35:17 IST" duration-ms="4241" status="PASS">
          <reporter-output>
          </reporter-output>
        </test-method> <!-- setUp -->
        <test-method signature="ATC_004_Verify_product_with_valid_keyword(java.lang.String)[pri:1, instance:org.tests.qa.SearchProductTest@7412a438]" started-at="2026-06-12T14:35:17 IST" name="ATC_004_Verify_product_with_valid_keyword" data-provider="validProdSrch" finished-at="2026-06-12T14:35:18 IST" duration-ms="1010" status="PASS">
          <params>
            <param index="0">
              <value>
                <![CDATA[computer]]>
              </value>
            </param>
          </params>
          <reporter-output>
          </reporter-output>
        </test-method> <!-- ATC_004_Verify_product_with_valid_keyword -->
        <test-method is-config="true" signature="tearDownT(org.testng.ITestResult)[pri:0, instance:org.tests.qa.SearchProductTest@7412a438]" started-at="2026-06-12T14:35:18 IST" name="tearDownT" finished-at="2026-06-12T14:35:19 IST" duration-ms="556" status="PASS">
          <params>
            <param index="0">
              <value>
                <![CDATA[[TestResult name=ATC_004_Verify_product_with_valid_keyword status=SUCCESS method=SearchProductTest.ATC_004_Verify_product_with_valid_keyword(java.lang.String)[pri:1, instance:org.tests.qa.SearchProductTest@7412a438] output={null}]]]>
              </value>
            </param>
          </params>
          <reporter-output>
          </reporter-output>
        </test-method> <!-- tearDownT -->
        <test-method is-config="true" signature="setUp()[pri:0, instance:org.tests.qa.SearchProductTest@7412a438]" started-at="2026-06-12T14:35:19 IST" name="setUp" finished-at="2026-06-12T14:35:22 IST" duration-ms="3641" status="PASS">
          <reporter-output>
          </reporter-output>
        </test-method> <!-- setUp -->
        <test-method signature="ATC_017_Verify_product_search_with_invalid_keyword(java.lang.String)[pri:2, instance:org.tests.qa.SearchProductTest@7412a438]" started-at="2026-06-12T14:35:22 IST" name="ATC_017_Verify_product_search_with_invalid_keyword" data-provider="invalidProdSrch" finished-at="2026-06-12T14:35:23 IST" duration-ms="1024" status="PASS">
          <params>
            <param index="0">
              <value>
                <![CDATA[xyzabc]]>
              </value>
            </param>
          </params>
          <reporter-output>
          </reporter-output>
        </test-method> <!-- ATC_017_Verify_product_search_with_invalid_keyword -->
        <test-method is-config="true" signature="tearDownT(org.testng.ITestResult)[pri:0, instance:org.tests.qa.SearchProductTest@7412a438]" started-at="2026-06-12T14:35:23 IST" name="tearDownT" finished-at="2026-06-12T14:35:24 IST" duration-ms="158" status="PASS">
          <params>
            <param index="0">
              <value>
                <![CDATA[[TestResult name=ATC_017_Verify_product_search_with_invalid_keyword status=SUCCESS method=SearchProductTest.ATC_017_Verify_product_search_with_invalid_keyword(java.lang.String)[pri:2, instance:org.tests.qa.SearchProductTest@7412a438] output={null}]]]>
              </value>
            </param>
          </params>
          <reporter-output>
          </reporter-output>
        </test-method> <!-- tearDownT -->
        <test-method is-config="true" signature="setUp()[pri:0, instance:org.tests.qa.SearchProductTest@7412a438]" started-at="2026-06-12T14:35:24 IST" name="setUp" finished-at="2026-06-12T14:35:27 IST" duration-ms="3381" status="PASS">
          <reporter-output>
          </reporter-output>
        </test-method> <!-- setUp -->
        <test-method signature="ATC_017_Verify_product_search_with_invalid_keyword(java.lang.String)[pri:2, instance:org.tests.qa.SearchProductTest@7412a438]" started-at="2026-06-12T14:35:27 IST" name="ATC_017_Verify_product_search_with_invalid_keyword" data-provider="invalidProdSrch" finished-at="2026-06-12T14:35:28 IST" duration-ms="978" status="PASS">
          <params>
            <param index="0">
              <value>
                <![CDATA[marketplace]]>
              </value>
            </param>
          </params>
          <reporter-output>
          </reporter-output>
        </test-method> <!-- ATC_017_Verify_product_search_with_invalid_keyword -->
        <test-method is-config="true" signature="tearDownT(org.testng.ITestResult)[pri:0, instance:org.tests.qa.SearchProductTest@7412a438]" started-at="2026-06-12T14:35:28 IST" name="tearDownT" finished-at="2026-06-12T14:35:28 IST" duration-ms="182" status="PASS">
          <params>
            <param index="0">
              <value>
                <![CDATA[[TestResult name=ATC_017_Verify_product_search_with_invalid_keyword status=SUCCESS method=SearchProductTest.ATC_017_Verify_product_search_with_invalid_keyword(java.lang.String)[pri:2, instance:org.tests.qa.SearchProductTest@7412a438] output={null}]]]>
              </value>
            </param>
          </params>
          <reporter-output>
          </reporter-output>
        </test-method> <!-- tearDownT -->
      </class> <!-- org.tests.qa.SearchProductTest -->
      <class name="org.tests.qa.CompareProductTest">
        <test-method is-config="true" signature="setUp()[pri:0, instance:org.tests.qa.CompareProductTest@14168e1]" started-at="2026-06-12T14:37:34 IST" name="setUp" finished-at="2026-06-12T14:37:39 IST" duration-ms="5178" status="PASS">
          <reporter-output>
          </reporter-output>
        </test-method> <!-- setUp -->
        <test-method signature="ATC_019_Verify_compare_product_function()[pri:0, instance:org.tests.qa.CompareProductTest@14168e1]" started-at="2026-06-12T14:37:39 IST" name="ATC_019_Verify_compare_product_function" finished-at="2026-06-12T14:37:44 IST" duration-ms="5698" status="PASS">
          <reporter-output>
          </reporter-output>
        </test-method> <!-- ATC_019_Verify_compare_product_function -->
        <test-method is-config="true" signature="tearDownT(org.testng.ITestResult)[pri:0, instance:org.tests.qa.CompareProductTest@14168e1]" started-at="2026-06-12T14:37:44 IST" name="tearDownT" finished-at="2026-06-12T14:37:45 IST" duration-ms="144" status="PASS">
          <params>
            <param index="0">
              <value>
                <![CDATA[[TestResult name=ATC_019_Verify_compare_product_function status=SUCCESS method=CompareProductTest.ATC_019_Verify_compare_product_function()[pri:0, instance:org.tests.qa.CompareProductTest@14168e1] output={null}]]]>
              </value>
            </param>
          </params>
          <reporter-output>
          </reporter-output>
        </test-method> <!-- tearDownT -->
      </class> <!-- org.tests.qa.CompareProductTest -->
      <class name="org.tests.qa.CouponTest">
        <test-method is-config="true" signature="setUp()[pri:0, instance:org.tests.qa.CouponTest@654e6a90]" started-at="2026-06-12T14:37:20 IST" name="setUp" finished-at="2026-06-12T14:37:23 IST" duration-ms="3760" status="PASS">
          <reporter-output>
          </reporter-output>
        </test-method> <!-- setUp -->
        <test-method signature="ATC_011_Apply_valid_coupon()[pri:1, instance:org.tests.qa.CouponTest@654e6a90]" started-at="2026-06-12T14:37:23 IST" name="ATC_011_Apply_valid_coupon" finished-at="2026-06-12T14:37:23 IST" duration-ms="9" status="SKIP">
          <exception class="org.testng.SkipException">
            <message>
              <![CDATA[Blocked : Valid coupon code is not available in Demo Web Shop application]]>
            </message>
            <full-stacktrace>
              <![CDATA[org.testng.SkipException: Blocked : Valid coupon code is not available in Demo Web Shop application
at org.tests.qa.CouponTest.ATC_011_Apply_valid_coupon(CouponTest.java:81)
at java.base/jdk.internal.reflect.DirectMethodHandleAccessor.invoke(DirectMethodHandleAccessor.java:103)
at java.base/java.lang.reflect.Method.invoke(Method.java:580)
at org.testng.internal.invokers.MethodInvocationHelper.invokeMethod(MethodInvocationHelper.java:141)
at org.testng.internal.invokers.TestInvoker.invokeMethod(TestInvoker.java:687)
at org.testng.internal.invokers.TestInvoker.invokeTestMethod(TestInvoker.java:230)
at org.testng.internal.invokers.MethodRunner.runInSequence(MethodRunner.java:63)
at org.testng.internal.invokers.TestInvoker$MethodInvocationAgent.invoke(TestInvoker.java:995)
at org.testng.internal.invokers.TestInvoker.invokeTestMethods(TestInvoker.java:203)
at org.testng.internal.invokers.TestMethodWorker.invokeTestMethods(TestMethodWorker.java:154)
at org.testng.internal.invokers.TestMethodWorker.run(TestMethodWorker.java:134)
at java.base/java.util.ArrayList.forEach(ArrayList.java:1596)
at org.testng.TestRunner.privateRun(TestRunner.java:741)
at org.testng.TestRunner.run(TestRunner.java:616)
at org.testng.SuiteRunner.runTest(SuiteRunner.java:421)
at org.testng.SuiteRunner.runSequentially(SuiteRunner.java:413)
at org.testng.SuiteRunner.privateRun(SuiteRunner.java:373)
at org.testng.SuiteRunner.run(SuiteRunner.java:312)
at org.testng.SuiteRunnerWorker.runSuite(SuiteRunnerWorker.java:52)
at org.testng.SuiteRunnerWorker.run(SuiteRunnerWorker.java:95)
at org.testng.TestNG.runSuitesSequentially(TestNG.java:1274)
at org.testng.TestNG.runSuitesLocally(TestNG.java:1208)
at org.testng.TestNG.runSuites(TestNG.java:1112)
at org.testng.TestNG.run(TestNG.java:1079)
at org.testng.remote.AbstractRemoteTestNG.run(AbstractRemoteTestNG.java:115)
at org.testng.remote.RemoteTestNG.initAndRun(RemoteTestNG.java:293)
at org.testng.remote.RemoteTestNG.main(RemoteTestNG.java:91)
]]>
            </full-stacktrace>
          </exception> <!-- org.testng.SkipException -->
          <reporter-output>
          </reporter-output>
        </test-method> <!-- ATC_011_Apply_valid_coupon -->
        <test-method is-config="true" signature="tearDownT(org.testng.ITestResult)[pri:0, instance:org.tests.qa.CouponTest@654e6a90]" started-at="2026-06-12T14:37:23 IST" name="tearDownT" finished-at="2026-06-12T14:37:24 IST" duration-ms="156" status="PASS">
          <params>
            <param index="0">
              <value>
                <![CDATA[[TestResult name=ATC_011_Apply_valid_coupon status=SKIP method=CouponTest.ATC_011_Apply_valid_coupon()[pri:1, instance:org.tests.qa.CouponTest@654e6a90] output={null}]]]>
              </value>
            </param>
          </params>
          <reporter-output>
          </reporter-output>
        </test-method> <!-- tearDownT -->
        <test-method is-config="true" signature="setUp()[pri:0, instance:org.tests.qa.CouponTest@654e6a90]" started-at="2026-06-12T14:37:24 IST" name="setUp" finished-at="2026-06-12T14:37:28 IST" duration-ms="4541" status="PASS">
          <reporter-output>
          </reporter-output>
        </test-method> <!-- setUp -->
        <test-method signature="ATC_012_Apply_invalid_coupon()[pri:2, instance:org.tests.qa.CouponTest@654e6a90]" started-at="2026-06-12T14:37:28 IST" name="ATC_012_Apply_invalid_coupon" finished-at="2026-06-12T14:37:33 IST" duration-ms="5183" status="PASS">
          <reporter-output>
          </reporter-output>
        </test-method> <!-- ATC_012_Apply_invalid_coupon -->
        <test-method is-config="true" signature="tearDownT(org.testng.ITestResult)[pri:0, instance:org.tests.qa.CouponTest@654e6a90]" started-at="2026-06-12T14:37:33 IST" name="tearDownT" finished-at="2026-06-12T14:37:34 IST" duration-ms="190" status="PASS">
          <params>
            <param index="0">
              <value>
                <![CDATA[[TestResult name=ATC_012_Apply_invalid_coupon status=SUCCESS method=CouponTest.ATC_012_Apply_invalid_coupon()[pri:2, instance:org.tests.qa.CouponTest@654e6a90] output={null}]]]>
              </value>
            </param>
          </params>
          <reporter-output>
          </reporter-output>
        </test-method> <!-- tearDownT -->
      </class> <!-- org.tests.qa.CouponTest -->
      <class name="org.tests.qa.OrderTest">
        <test-method is-config="true" signature="setUp()[pri:0, instance:org.tests.qa.OrderTest@709f0202]" started-at="2026-06-12T14:37:02 IST" name="setUp" finished-at="2026-06-12T14:37:06 IST" duration-ms="3421" status="PASS">
          <reporter-output>
          </reporter-output>
        </test-method> <!-- setUp -->
        <test-method signature="ATC_013_Verify_order_history()[pri:1, instance:org.tests.qa.OrderTest@709f0202]" started-at="2026-06-12T14:37:06 IST" name="ATC_013_Verify_order_history" finished-at="2026-06-12T14:37:09 IST" duration-ms="3827" status="PASS">
          <reporter-output>
          </reporter-output>
        </test-method> <!-- ATC_013_Verify_order_history -->
        <test-method is-config="true" signature="tearDownT(org.testng.ITestResult)[pri:0, instance:org.tests.qa.OrderTest@709f0202]" started-at="2026-06-12T14:37:09 IST" name="tearDownT" finished-at="2026-06-12T14:37:10 IST" duration-ms="173" status="PASS">
          <params>
            <param index="0">
              <value>
                <![CDATA[[TestResult name=ATC_013_Verify_order_history status=SUCCESS method=OrderTest.ATC_013_Verify_order_history()[pri:1, instance:org.tests.qa.OrderTest@709f0202] output={null}]]]>
              </value>
            </param>
          </params>
          <reporter-output>
          </reporter-output>
        </test-method> <!-- tearDownT -->
        <test-method is-config="true" signature="setUp()[pri:0, instance:org.tests.qa.OrderTest@709f0202]" started-at="2026-06-12T14:37:10 IST" name="setUp" finished-at="2026-06-12T14:37:17 IST" duration-ms="7032" status="PASS">
          <reporter-output>
          </reporter-output>
        </test-method> <!-- setUp -->
        <test-method signature="ATC_014_Verify_order_page_navigation()[pri:2, instance:org.tests.qa.OrderTest@709f0202]" started-at="2026-06-12T14:37:17 IST" name="ATC_014_Verify_order_page_navigation" finished-at="2026-06-12T14:37:20 IST" duration-ms="2964" status="PASS">
          <reporter-output>
          </reporter-output>
        </test-method> <!-- ATC_014_Verify_order_page_navigation -->
        <test-method is-config="true" signature="tearDownT(org.testng.ITestResult)[pri:0, instance:org.tests.qa.OrderTest@709f0202]" started-at="2026-06-12T14:37:20 IST" name="tearDownT" finished-at="2026-06-12T14:37:20 IST" duration-ms="134" status="PASS">
          <params>
            <param index="0">
              <value>
                <![CDATA[[TestResult name=ATC_014_Verify_order_page_navigation status=SUCCESS method=OrderTest.ATC_014_Verify_order_page_navigation()[pri:2, instance:org.tests.qa.OrderTest@709f0202] output={null}]]]>
              </value>
            </param>
          </params>
          <reporter-output>
          </reporter-output>
        </test-method> <!-- tearDownT -->
      </class> <!-- org.tests.qa.OrderTest -->
      <class name="org.tests.qa.ProductDetailsTest">
        <test-method is-config="true" signature="setUp()[pri:0, instance:org.tests.qa.ProductDetailsTest@1e3ff233]" started-at="2026-06-12T14:35:28 IST" name="setUp" finished-at="2026-06-12T14:35:32 IST" duration-ms="4143" status="PASS">
          <reporter-output>
          </reporter-output>
        </test-method> <!-- setUp -->
        <test-method signature="ATC_018_Verify_product_details_page(java.lang.String)[pri:0, instance:org.tests.qa.ProductDetailsTest@1e3ff233]" started-at="2026-06-12T14:35:32 IST" name="ATC_018_Verify_product_details_page" data-provider="productDetails" finished-at="2026-06-12T14:35:35 IST" duration-ms="2621" status="PASS">
          <params>
            <param index="0">
              <value>
                <![CDATA[Computing and Internet]]>
              </value>
            </param>
          </params>
          <reporter-output>
          </reporter-output>
        </test-method> <!-- ATC_018_Verify_product_details_page -->
        <test-method is-config="true" signature="tearDownT(org.testng.ITestResult)[pri:0, instance:org.tests.qa.ProductDetailsTest@1e3ff233]" started-at="2026-06-12T14:35:35 IST" name="tearDownT" finished-at="2026-06-12T14:35:35 IST" duration-ms="140" status="PASS">
          <params>
            <param index="0">
              <value>
                <![CDATA[[TestResult name=ATC_018_Verify_product_details_page status=SUCCESS method=ProductDetailsTest.ATC_018_Verify_product_details_page(java.lang.String)[pri:0, instance:org.tests.qa.ProductDetailsTest@1e3ff233] output={null}]]]>
              </value>
            </param>
          </params>
          <reporter-output>
          </reporter-output>
        </test-method> <!-- tearDownT -->
        <test-method is-config="true" signature="setUp()[pri:0, instance:org.tests.qa.ProductDetailsTest@1e3ff233]" started-at="2026-06-12T14:35:35 IST" name="setUp" finished-at="2026-06-12T14:35:39 IST" duration-ms="3729" status="PASS">
          <reporter-output>
          </reporter-output>
        </test-method> <!-- setUp -->
        <test-method signature="ATC_018_Verify_product_details_page(java.lang.String)[pri:0, instance:org.tests.qa.ProductDetailsTest@1e3ff233]" started-at="2026-06-12T14:35:39 IST" name="ATC_018_Verify_product_details_page" data-provider="productDetails" finished-at="2026-06-12T14:35:41 IST" duration-ms="2238" status="PASS">
          <params>
            <param index="0">
              <value>
                <![CDATA[14.1-inch Laptop]]>
              </value>
            </param>
          </params>
          <reporter-output>
          </reporter-output>
        </test-method> <!-- ATC_018_Verify_product_details_page -->
        <test-method is-config="true" signature="tearDownT(org.testng.ITestResult)[pri:0, instance:org.tests.qa.ProductDetailsTest@1e3ff233]" started-at="2026-06-12T14:35:41 IST" name="tearDownT" finished-at="2026-06-12T14:35:41 IST" duration-ms="179" status="PASS">
          <params>
            <param index="0">
              <value>
                <![CDATA[[TestResult name=ATC_018_Verify_product_details_page status=SUCCESS method=ProductDetailsTest.ATC_018_Verify_product_details_page(java.lang.String)[pri:0, instance:org.tests.qa.ProductDetailsTest@1e3ff233] output={null}]]]>
              </value>
            </param>
          </params>
          <reporter-output>
          </reporter-output>
        </test-method> <!-- tearDownT -->
        <test-method is-config="true" signature="setUp()[pri:0, instance:org.tests.qa.ProductDetailsTest@1e3ff233]" started-at="2026-06-12T14:35:41 IST" name="setUp" finished-at="2026-06-12T14:35:45 IST" duration-ms="3207" status="PASS">
          <reporter-output>
          </reporter-output>
        </test-method> <!-- setUp -->
        <test-method signature="ATC_018_Verify_product_details_page(java.lang.String)[pri:0, instance:org.tests.qa.ProductDetailsTest@1e3ff233]" started-at="2026-06-12T14:35:45 IST" name="ATC_018_Verify_product_details_page" data-provider="productDetails" finished-at="2026-06-12T14:35:47 IST" duration-ms="2378" status="PASS">
          <params>
            <param index="0">
              <value>
                <![CDATA[50's Rockabilly Polka Dot Top JR Plus Size]]>
              </value>
            </param>
          </params>
          <reporter-output>
          </reporter-output>
        </test-method> <!-- ATC_018_Verify_product_details_page -->
        <test-method is-config="true" signature="tearDownT(org.testng.ITestResult)[pri:0, instance:org.tests.qa.ProductDetailsTest@1e3ff233]" started-at="2026-06-12T14:35:47 IST" name="tearDownT" finished-at="2026-06-12T14:35:47 IST" duration-ms="175" status="PASS">
          <params>
            <param index="0">
              <value>
                <![CDATA[[TestResult name=ATC_018_Verify_product_details_page status=SUCCESS method=ProductDetailsTest.ATC_018_Verify_product_details_page(java.lang.String)[pri:0, instance:org.tests.qa.ProductDetailsTest@1e3ff233] output={null}]]]>
              </value>
            </param>
          </params>
          <reporter-output>
          </reporter-output>
        </test-method> <!-- tearDownT -->
        <test-method is-config="true" signature="setUp()[pri:0, instance:org.tests.qa.ProductDetailsTest@1e3ff233]" started-at="2026-06-12T14:35:47 IST" name="setUp" finished-at="2026-06-12T14:35:51 IST" duration-ms="3804" status="PASS">
          <reporter-output>
          </reporter-output>
        </test-method> <!-- setUp -->
        <test-method signature="ATC_018_Verify_product_details_page(java.lang.String)[pri:0, instance:org.tests.qa.ProductDetailsTest@1e3ff233]" started-at="2026-06-12T14:35:51 IST" name="ATC_018_Verify_product_details_page" data-provider="productDetails" finished-at="2026-06-12T14:35:53 IST" duration-ms="2346" status="PASS">
          <params>
            <param index="0">
              <value>
                <![CDATA[Diamond Tennis Bracelet]]>
              </value>
            </param>
          </params>
          <reporter-output>
          </reporter-output>
        </test-method> <!-- ATC_018_Verify_product_details_page -->
        <test-method is-config="true" signature="tearDownT(org.testng.ITestResult)[pri:0, instance:org.tests.qa.ProductDetailsTest@1e3ff233]" started-at="2026-06-12T14:35:53 IST" name="tearDownT" finished-at="2026-06-12T14:35:53 IST" duration-ms="174" status="PASS">
          <params>
            <param index="0">
              <value>
                <![CDATA[[TestResult name=ATC_018_Verify_product_details_page status=SUCCESS method=ProductDetailsTest.ATC_018_Verify_product_details_page(java.lang.String)[pri:0, instance:org.tests.qa.ProductDetailsTest@1e3ff233] output={null}]]]>
              </value>
            </param>
          </params>
          <reporter-output>
          </reporter-output>
        </test-method> <!-- tearDownT -->
        <test-method is-config="true" signature="setUp()[pri:0, instance:org.tests.qa.ProductDetailsTest@1e3ff233]" started-at="2026-06-12T14:35:53 IST" name="setUp" finished-at="2026-06-12T14:35:58 IST" duration-ms="4146" status="PASS">
          <reporter-output>
          </reporter-output>
        </test-method> <!-- setUp -->
        <test-method signature="ATC_018_Verify_product_details_page(java.lang.String)[pri:0, instance:org.tests.qa.ProductDetailsTest@1e3ff233]" started-at="2026-06-12T14:35:58 IST" name="ATC_018_Verify_product_details_page" data-provider="productDetails" finished-at="2026-06-12T14:36:00 IST" duration-ms="2431" status="PASS">
          <params>
            <param index="0">
              <value>
                <![CDATA[Blue and green Sneaker]]>
              </value>
            </param>
          </params>
          <reporter-output>
          </reporter-output>
        </test-method> <!-- ATC_018_Verify_product_details_page -->
        <test-method is-config="true" signature="tearDownT(org.testng.ITestResult)[pri:0, instance:org.tests.qa.ProductDetailsTest@1e3ff233]" started-at="2026-06-12T14:36:00 IST" name="tearDownT" finished-at="2026-06-12T14:36:00 IST" duration-ms="174" status="PASS">
          <params>
            <param index="0">
              <value>
                <![CDATA[[TestResult name=ATC_018_Verify_product_details_page status=SUCCESS method=ProductDetailsTest.ATC_018_Verify_product_details_page(java.lang.String)[pri:0, instance:org.tests.qa.ProductDetailsTest@1e3ff233] output={null}]]]>
              </value>
            </param>
          </params>
          <reporter-output>
          </reporter-output>
        </test-method> <!-- tearDownT -->
        <test-method is-config="true" signature="setUp()[pri:0, instance:org.tests.qa.ProductDetailsTest@1e3ff233]" started-at="2026-06-12T14:36:00 IST" name="setUp" finished-at="2026-06-12T14:36:04 IST" duration-ms="3424" status="PASS">
          <reporter-output>
          </reporter-output>
        </test-method> <!-- setUp -->
        <test-method signature="ATC_018_Verify_product_details_page(java.lang.String)[pri:0, instance:org.tests.qa.ProductDetailsTest@1e3ff233]" started-at="2026-06-12T14:36:04 IST" name="ATC_018_Verify_product_details_page" data-provider="productDetails" finished-at="2026-06-12T14:36:06 IST" duration-ms="2466" status="PASS">
          <params>
            <param index="0">
              <value>
                <![CDATA[Blue Jeans]]>
              </value>
            </param>
          </params>
          <reporter-output>
          </reporter-output>
        </test-method> <!-- ATC_018_Verify_product_details_page -->
        <test-method is-config="true" signature="tearDownT(org.testng.ITestResult)[pri:0, instance:org.tests.qa.ProductDetailsTest@1e3ff233]" started-at="2026-06-12T14:36:06 IST" name="tearDownT" finished-at="2026-06-12T14:36:06 IST" duration-ms="164" status="PASS">
          <params>
            <param index="0">
              <value>
                <![CDATA[[TestResult name=ATC_018_Verify_product_details_page status=SUCCESS method=ProductDetailsTest.ATC_018_Verify_product_details_page(java.lang.String)[pri:0, instance:org.tests.qa.ProductDetailsTest@1e3ff233] output={null}]]]>
              </value>
            </param>
          </params>
          <reporter-output>
          </reporter-output>
        </test-method> <!-- tearDownT -->
        <test-method is-config="true" signature="setUp()[pri:0, instance:org.tests.qa.ProductDetailsTest@1e3ff233]" started-at="2026-06-12T14:36:06 IST" name="setUp" finished-at="2026-06-12T14:36:11 IST" duration-ms="5013" status="PASS">
          <reporter-output>
          </reporter-output>
        </test-method> <!-- setUp -->
        <test-method signature="ATC_018_Verify_product_details_page(java.lang.String)[pri:0, instance:org.tests.qa.ProductDetailsTest@1e3ff233]" started-at="2026-06-12T14:36:11 IST" name="ATC_018_Verify_product_details_page" data-provider="productDetails" finished-at="2026-06-12T14:36:14 IST" duration-ms="2330" status="PASS">
          <params>
            <param index="0">
              <value>
                <![CDATA[Denim Short with Rhinestones]]>
              </value>
            </param>
          </params>
          <reporter-output>
          </reporter-output>
        </test-method> <!-- ATC_018_Verify_product_details_page -->
        <test-method is-config="true" signature="tearDownT(org.testng.ITestResult)[pri:0, instance:org.tests.qa.ProductDetailsTest@1e3ff233]" started-at="2026-06-12T14:36:14 IST" name="tearDownT" finished-at="2026-06-12T14:36:14 IST" duration-ms="179" status="PASS">
          <params>
            <param index="0">
              <value>
                <![CDATA[[TestResult name=ATC_018_Verify_product_details_page status=SUCCESS method=ProductDetailsTest.ATC_018_Verify_product_details_page(java.lang.String)[pri:0, instance:org.tests.qa.ProductDetailsTest@1e3ff233] output={null}]]]>
              </value>
            </param>
          </params>
          <reporter-output>
          </reporter-output>
        </test-method> <!-- tearDownT -->
      </class> <!-- org.tests.qa.ProductDetailsTest -->
      <class name="org.tests.qa.LoginTest">
        <test-method is-config="true" signature="setUp()[pri:0, instance:org.tests.qa.LoginTest@6ac4c3f7]" started-at="2026-06-12T14:34:48 IST" name="setUp" finished-at="2026-06-12T14:34:52 IST" duration-ms="3629" status="PASS">
          <reporter-output>
          </reporter-output>
        </test-method> <!-- setUp -->
        <test-method signature="ATC_002_Verify_login_with_valid_credentials()[pri:1, instance:org.tests.qa.LoginTest@6ac4c3f7]" started-at="2026-06-12T14:34:52 IST" name="ATC_002_Verify_login_with_valid_credentials" finished-at="2026-06-12T14:34:53 IST" duration-ms="1641" status="PASS">
          <reporter-output>
          </reporter-output>
        </test-method> <!-- ATC_002_Verify_login_with_valid_credentials -->
        <test-method is-config="true" signature="tearDownT(org.testng.ITestResult)[pri:0, instance:org.tests.qa.LoginTest@6ac4c3f7]" started-at="2026-06-12T14:34:53 IST" name="tearDownT" finished-at="2026-06-12T14:34:53 IST" duration-ms="140" status="PASS">
          <params>
            <param index="0">
              <value>
                <![CDATA[[TestResult name=ATC_002_Verify_login_with_valid_credentials status=SUCCESS method=LoginTest.ATC_002_Verify_login_with_valid_credentials()[pri:1, instance:org.tests.qa.LoginTest@6ac4c3f7] output={null}]]]>
              </value>
            </param>
          </params>
          <reporter-output>
          </reporter-output>
        </test-method> <!-- tearDownT -->
        <test-method is-config="true" signature="setUp()[pri:0, instance:org.tests.qa.LoginTest@6ac4c3f7]" started-at="2026-06-12T14:34:53 IST" name="setUp" finished-at="2026-06-12T14:34:58 IST" duration-ms="5043" status="PASS">
          <reporter-output>
          </reporter-output>
        </test-method> <!-- setUp -->
        <test-method signature="ATC_003_Verify_login_with_invalid_password()[pri:2, instance:org.tests.qa.LoginTest@6ac4c3f7]" started-at="2026-06-12T14:34:58 IST" name="ATC_003_Verify_login_with_invalid_password" finished-at="2026-06-12T14:35:00 IST" duration-ms="1176" status="PASS">
          <reporter-output>
          </reporter-output>
        </test-method> <!-- ATC_003_Verify_login_with_invalid_password -->
        <test-method is-config="true" signature="tearDownT(org.testng.ITestResult)[pri:0, instance:org.tests.qa.LoginTest@6ac4c3f7]" started-at="2026-06-12T14:35:00 IST" name="tearDownT" finished-at="2026-06-12T14:35:00 IST" duration-ms="192" status="PASS">
          <params>
            <param index="0">
              <value>
                <![CDATA[[TestResult name=ATC_003_Verify_login_with_invalid_password status=SUCCESS method=LoginTest.ATC_003_Verify_login_with_invalid_password()[pri:2, instance:org.tests.qa.LoginTest@6ac4c3f7] output={null}]]]>
              </value>
            </param>
          </params>
          <reporter-output>
          </reporter-output>
        </test-method> <!-- tearDownT -->
        <test-method is-config="true" signature="setUp()[pri:0, instance:org.tests.qa.LoginTest@6ac4c3f7]" started-at="2026-06-12T14:35:00 IST" name="setUp" finished-at="2026-06-12T14:35:03 IST" duration-ms="3557" status="PASS">
          <reporter-output>
          </reporter-output>
        </test-method> <!-- setUp -->
        <test-method signature="ATC_016_Verify_logout_function()[pri:3, instance:org.tests.qa.LoginTest@6ac4c3f7]" started-at="2026-06-12T14:35:03 IST" name="ATC_016_Verify_logout_function" finished-at="2026-06-12T14:35:06 IST" duration-ms="2385" status="PASS">
          <reporter-output>
          </reporter-output>
        </test-method> <!-- ATC_016_Verify_logout_function -->
        <test-method is-config="true" signature="tearDownT(org.testng.ITestResult)[pri:0, instance:org.tests.qa.LoginTest@6ac4c3f7]" started-at="2026-06-12T14:35:06 IST" name="tearDownT" finished-at="2026-06-12T14:35:06 IST" duration-ms="210" status="PASS">
          <params>
            <param index="0">
              <value>
                <![CDATA[[TestResult name=ATC_016_Verify_logout_function status=SUCCESS method=LoginTest.ATC_016_Verify_logout_function()[pri:3, instance:org.tests.qa.LoginTest@6ac4c3f7] output={null}]]]>
              </value>
            </param>
          </params>
          <reporter-output>
          </reporter-output>
        </test-method> <!-- tearDownT -->
      </class> <!-- org.tests.qa.LoginTest -->
      <class name="org.tests.qa.CartTest">
        <test-method is-config="true" signature="setUp()[pri:0, instance:org.tests.qa.CartTest@3c952a33]" started-at="2026-06-12T14:36:14 IST" name="setUp" finished-at="2026-06-12T14:36:19 IST" duration-ms="4675" status="PASS">
          <reporter-output>
          </reporter-output>
        </test-method> <!-- setUp -->
        <test-method signature="ATC_006_Add_product_to_the_cart()[pri:1, instance:org.tests.qa.CartTest@3c952a33]" started-at="2026-06-12T14:36:19 IST" name="ATC_006_Add_product_to_the_cart" finished-at="2026-06-12T14:36:22 IST" duration-ms="3281" status="PASS">
          <reporter-output>
          </reporter-output>
        </test-method> <!-- ATC_006_Add_product_to_the_cart -->
        <test-method is-config="true" signature="tearDownT(org.testng.ITestResult)[pri:0, instance:org.tests.qa.CartTest@3c952a33]" started-at="2026-06-12T14:36:22 IST" name="tearDownT" finished-at="2026-06-12T14:36:22 IST" duration-ms="188" status="PASS">
          <params>
            <param index="0">
              <value>
                <![CDATA[[TestResult name=ATC_006_Add_product_to_the_cart status=SUCCESS method=CartTest.ATC_006_Add_product_to_the_cart()[pri:1, instance:org.tests.qa.CartTest@3c952a33] output={null}]]]>
              </value>
            </param>
          </params>
          <reporter-output>
          </reporter-output>
        </test-method> <!-- tearDownT -->
        <test-method is-config="true" signature="setUp()[pri:0, instance:org.tests.qa.CartTest@3c952a33]" started-at="2026-06-12T14:36:22 IST" name="setUp" finished-at="2026-06-12T14:36:26 IST" duration-ms="3776" status="PASS">
          <reporter-output>
          </reporter-output>
        </test-method> <!-- setUp -->
        <test-method signature="ATC_007_Update_cart_item_quantity()[pri:2, instance:org.tests.qa.CartTest@3c952a33]" started-at="2026-06-12T14:36:26 IST" name="ATC_007_Update_cart_item_quantity" finished-at="2026-06-12T14:36:30 IST" duration-ms="3948" status="PASS">
          <reporter-output>
          </reporter-output>
        </test-method> <!-- ATC_007_Update_cart_item_quantity -->
        <test-method is-config="true" signature="tearDownT(org.testng.ITestResult)[pri:0, instance:org.tests.qa.CartTest@3c952a33]" started-at="2026-06-12T14:36:30 IST" name="tearDownT" finished-at="2026-06-12T14:36:30 IST" duration-ms="173" status="PASS">
          <params>
            <param index="0">
              <value>
                <![CDATA[[TestResult name=ATC_007_Update_cart_item_quantity status=SUCCESS method=CartTest.ATC_007_Update_cart_item_quantity()[pri:2, instance:org.tests.qa.CartTest@3c952a33] output={null}]]]>
              </value>
            </param>
          </params>
          <reporter-output>
          </reporter-output>
        </test-method> <!-- tearDownT -->
        <test-method is-config="true" signature="setUp()[pri:0, instance:org.tests.qa.CartTest@3c952a33]" started-at="2026-06-12T14:36:30 IST" name="setUp" finished-at="2026-06-12T14:36:34 IST" duration-ms="4134" status="PASS">
          <reporter-output>
          </reporter-output>
        </test-method> <!-- setUp -->
        <test-method signature="ATC_008_Remove_item_from_cart()[pri:3, instance:org.tests.qa.CartTest@3c952a33]" started-at="2026-06-12T14:36:34 IST" name="ATC_008_Remove_item_from_cart" finished-at="2026-06-12T14:36:38 IST" duration-ms="3785" status="PASS">
          <reporter-output>
          </reporter-output>
        </test-method> <!-- ATC_008_Remove_item_from_cart -->
        <test-method is-config="true" signature="tearDownT(org.testng.ITestResult)[pri:0, instance:org.tests.qa.CartTest@3c952a33]" started-at="2026-06-12T14:36:38 IST" name="tearDownT" finished-at="2026-06-12T14:36:38 IST" duration-ms="204" status="PASS">
          <params>
            <param index="0">
              <value>
                <![CDATA[[TestResult name=ATC_008_Remove_item_from_cart status=SUCCESS method=CartTest.ATC_008_Remove_item_from_cart()[pri:3, instance:org.tests.qa.CartTest@3c952a33] output={null}]]]>
              </value>
            </param>
          </params>
          <reporter-output>
          </reporter-output>
        </test-method> <!-- tearDownT -->
      </class> <!-- org.tests.qa.CartTest -->
      <class name="org.tests.qa.RegisterTest">
        <test-method is-config="true" signature="setUp()[pri:0, instance:org.tests.qa.RegisterTest@494c8f29]" started-at="2026-06-12T14:34:33 IST" name="setUp" finished-at="2026-06-12T14:34:39 IST" duration-ms="6433" status="PASS">
          <reporter-output>
          </reporter-output>
        </test-method> <!-- setUp -->
        <test-method signature="ATC_001_Verify_user_registration_with_valid_data()[pri:1, instance:org.tests.qa.RegisterTest@494c8f29]" started-at="2026-06-12T14:34:40 IST" name="ATC_001_Verify_user_registration_with_valid_data" finished-at="2026-06-12T14:34:42 IST" duration-ms="2615" status="PASS">
          <reporter-output>
          </reporter-output>
        </test-method> <!-- ATC_001_Verify_user_registration_with_valid_data -->
        <test-method is-config="true" signature="tearDownT(org.testng.ITestResult)[pri:0, instance:org.tests.qa.RegisterTest@494c8f29]" started-at="2026-06-12T14:34:42 IST" name="tearDownT" finished-at="2026-06-12T14:34:42 IST" duration-ms="212" status="PASS">
          <params>
            <param index="0">
              <value>
                <![CDATA[[TestResult name=ATC_001_Verify_user_registration_with_valid_data status=SUCCESS method=RegisterTest.ATC_001_Verify_user_registration_with_valid_data()[pri:1, instance:org.tests.qa.RegisterTest@494c8f29] output={null}]]]>
              </value>
            </param>
          </params>
          <reporter-output>
          </reporter-output>
        </test-method> <!-- tearDownT -->
        <test-method is-config="true" signature="setUp()[pri:0, instance:org.tests.qa.RegisterTest@494c8f29]" started-at="2026-06-12T14:34:42 IST" name="setUp" finished-at="2026-06-12T14:34:47 IST" duration-ms="4439" status="PASS">
          <reporter-output>
          </reporter-output>
        </test-method> <!-- setUp -->
        <test-method signature="ATC_015_Verify_user_registration_with_empty_fields()[pri:2, instance:org.tests.qa.RegisterTest@494c8f29]" started-at="2026-06-12T14:34:47 IST" name="ATC_015_Verify_user_registration_with_empty_fields" finished-at="2026-06-12T14:34:48 IST" duration-ms="905" status="PASS">
          <reporter-output>
          </reporter-output>
        </test-method> <!-- ATC_015_Verify_user_registration_with_empty_fields -->
        <test-method is-config="true" signature="tearDownT(org.testng.ITestResult)[pri:0, instance:org.tests.qa.RegisterTest@494c8f29]" started-at="2026-06-12T14:34:48 IST" name="tearDownT" finished-at="2026-06-12T14:34:48 IST" duration-ms="148" status="PASS">
          <params>
            <param index="0">
              <value>
                <![CDATA[[TestResult name=ATC_015_Verify_user_registration_with_empty_fields status=SUCCESS method=RegisterTest.ATC_015_Verify_user_registration_with_empty_fields()[pri:2, instance:org.tests.qa.RegisterTest@494c8f29] output={null}]]]>
              </value>
            </param>
          </params>
          <reporter-output>
          </reporter-output>
        </test-method> <!-- tearDownT -->
      </class> <!-- org.tests.qa.RegisterTest -->
    </test> <!-- Test -->
  </suite> <!-- Suite -->
</testng-results>
