<?xml version="1.0" encoding="UTF-8"?>
<testng-results ignored="0" total="19" passed="19" failed="0" skipped="0">
  <reporter-output>
  </reporter-output>
  <suite started-at="2026-06-14T20:03:29 IST" name="Dummy JSON API Automation Suite" finished-at="2026-06-14T20:03:39 IST" duration-ms="10195">
    <groups>
    </groups>
    <test started-at="2026-06-14T20:03:29 IST" name="Test" finished-at="2026-06-14T20:03:39 IST" duration-ms="10195">
      <class name="org.tests.qa.PUT_RequestTest">
        <test-method is-config="true" signature="setUp()[pri:0, instance:org.tests.qa.PUT_RequestTest@3eb25e1a]" started-at="2026-06-14T20:03:38 IST" name="setUp" finished-at="2026-06-14T20:03:38 IST" duration-ms="0" status="PASS">
          <reporter-output>
          </reporter-output>
        </test-method> <!-- setUp -->
        <test-method signature="updateCartQty()[pri:1, instance:org.tests.qa.PUT_RequestTest@3eb25e1a]" started-at="2026-06-14T20:03:38 IST" name="updateCartQty" finished-at="2026-06-14T20:03:38 IST" duration-ms="312" status="PASS">
          <reporter-output>
          </reporter-output>
        </test-method> <!-- updateCartQty -->
        <test-method signature="updateUserProfile()[pri:2, instance:org.tests.qa.PUT_RequestTest@3eb25e1a]" started-at="2026-06-14T20:03:38 IST" name="updateUserProfile" finished-at="2026-06-14T20:03:38 IST" duration-ms="330" status="PASS">
          <reporter-output>
          </reporter-output>
        </test-method> <!-- updateUserProfile -->
        <test-method is-config="true" signature="setUp()[pri:0, instance:org.tests.qa.PUT_RequestTest@3eb25e1a]" started-at="2026-06-14T20:03:38 IST" name="setUp" finished-at="2026-06-14T20:03:38 IST" duration-ms="0" status="PASS">
          <reporter-output>
          </reporter-output>
        </test-method> <!-- setUp -->
      </class> <!-- org.tests.qa.PUT_RequestTest -->
      <class name="org.tests.qa.DELETE_RequestTest">
        <test-method is-config="true" signature="setUp()[pri:0, instance:org.tests.qa.DELETE_RequestTest@477b4cdf]" started-at="2026-06-14T20:03:38 IST" name="setUp" finished-at="2026-06-14T20:03:38 IST" duration-ms="0" status="PASS">
          <reporter-output>
          </reporter-output>
        </test-method> <!-- setUp -->
        <test-method signature="deleteCart()[pri:1, instance:org.tests.qa.DELETE_RequestTest@477b4cdf]" started-at="2026-06-14T20:03:38 IST" name="deleteCart" finished-at="2026-06-14T20:03:39 IST" duration-ms="306" status="PASS">
          <reporter-output>
          </reporter-output>
        </test-method> <!-- deleteCart -->
        <test-method is-config="true" signature="setUp()[pri:0, instance:org.tests.qa.DELETE_RequestTest@477b4cdf]" started-at="2026-06-14T20:03:39 IST" name="setUp" finished-at="2026-06-14T20:03:39 IST" duration-ms="1" status="PASS">
          <reporter-output>
          </reporter-output>
        </test-method> <!-- setUp -->
        <test-method signature="canceltheOrder()[pri:2, instance:org.tests.qa.DELETE_RequestTest@477b4cdf]" started-at="2026-06-14T20:03:39 IST" name="canceltheOrder" finished-at="2026-06-14T20:03:39 IST" duration-ms="387" status="PASS">
          <reporter-output>
          </reporter-output>
        </test-method> <!-- canceltheOrder -->
      </class> <!-- org.tests.qa.DELETE_RequestTest -->
      <class name="org.tests.qa.GET_RequestTest">
        <test-method is-config="true" signature="setUp()[pri:0, instance:org.tests.qa.GET_RequestTest@6743e411]" started-at="2026-06-14T20:03:36 IST" name="setUp" finished-at="2026-06-14T20:03:36 IST" duration-ms="1" status="PASS">
          <reporter-output>
          </reporter-output>
        </test-method> <!-- setUp -->
        <test-method signature="listAllProd()[pri:1, instance:org.tests.qa.GET_RequestTest@6743e411]" started-at="2026-06-14T20:03:36 IST" name="listAllProd" finished-at="2026-06-14T20:03:36 IST" duration-ms="348" status="PASS">
          <reporter-output>
          </reporter-output>
        </test-method> <!-- listAllProd -->
        <test-method signature="getProductById()[pri:2, instance:org.tests.qa.GET_RequestTest@6743e411]" started-at="2026-06-14T20:03:36 IST" name="getProductById" finished-at="2026-06-14T20:03:36 IST" duration-ms="79" status="PASS">
          <reporter-output>
          </reporter-output>
        </test-method> <!-- getProductById -->
        <test-method is-config="true" signature="setUp()[pri:0, instance:org.tests.qa.GET_RequestTest@6743e411]" started-at="2026-06-14T20:03:36 IST" name="setUp" finished-at="2026-06-14T20:03:36 IST" duration-ms="0" status="PASS">
          <reporter-output>
          </reporter-output>
        </test-method> <!-- setUp -->
        <test-method signature="getCurrentUserCart()[pri:4, instance:org.tests.qa.GET_RequestTest@6743e411]" started-at="2026-06-14T20:03:36 IST" name="getCurrentUserCart" finished-at="2026-06-14T20:03:36 IST" duration-ms="299" status="PASS">
          <reporter-output>
          </reporter-output>
        </test-method> <!-- getCurrentUserCart -->
        <test-method is-config="true" signature="setUp()[pri:0, instance:org.tests.qa.GET_RequestTest@6743e411]" started-at="2026-06-14T20:03:36 IST" name="setUp" finished-at="2026-06-14T20:03:36 IST" duration-ms="0" status="PASS">
          <reporter-output>
          </reporter-output>
        </test-method> <!-- setUp -->
        <test-method is-config="true" signature="setUp()[pri:0, instance:org.tests.qa.GET_RequestTest@6743e411]" started-at="2026-06-14T20:03:36 IST" name="setUp" finished-at="2026-06-14T20:03:36 IST" duration-ms="1" status="PASS">
          <reporter-output>
          </reporter-output>
        </test-method> <!-- setUp -->
        <test-method signature="getCurrentUserProfile()[pri:5, instance:org.tests.qa.GET_RequestTest@6743e411]" started-at="2026-06-14T20:03:36 IST" name="getCurrentUserProfile" finished-at="2026-06-14T20:03:37 IST" duration-ms="312" status="PASS">
          <reporter-output>
          </reporter-output>
        </test-method> <!-- getCurrentUserProfile -->
        <test-method signature="getWishlist()[pri:6, instance:org.tests.qa.GET_RequestTest@6743e411]" started-at="2026-06-14T20:03:37 IST" name="getWishlist" finished-at="2026-06-14T20:03:37 IST" duration-ms="400" status="PASS">
          <reporter-output>
          </reporter-output>
        </test-method> <!-- getWishlist -->
        <test-method is-config="true" signature="setUp()[pri:0, instance:org.tests.qa.GET_RequestTest@6743e411]" started-at="2026-06-14T20:03:37 IST" name="setUp" finished-at="2026-06-14T20:03:37 IST" duration-ms="0" status="PASS">
          <reporter-output>
          </reporter-output>
        </test-method> <!-- setUp -->
        <test-method signature="getAllOrders()[pri:7, instance:org.tests.qa.GET_RequestTest@6743e411]" started-at="2026-06-14T20:03:37 IST" name="getAllOrders" finished-at="2026-06-14T20:03:37 IST" duration-ms="379" status="PASS">
          <reporter-output>
          </reporter-output>
        </test-method> <!-- getAllOrders -->
        <test-method is-config="true" signature="setUp()[pri:0, instance:org.tests.qa.GET_RequestTest@6743e411]" started-at="2026-06-14T20:03:37 IST" name="setUp" finished-at="2026-06-14T20:03:37 IST" duration-ms="0" status="PASS">
          <reporter-output>
          </reporter-output>
        </test-method> <!-- setUp -->
        <test-method is-config="true" signature="setUp()[pri:0, instance:org.tests.qa.GET_RequestTest@6743e411]" started-at="2026-06-14T20:03:37 IST" name="setUp" finished-at="2026-06-14T20:03:37 IST" duration-ms="1" status="PASS">
          <reporter-output>
          </reporter-output>
        </test-method> <!-- setUp -->
        <test-method signature="getOrderDetails()[pri:8, instance:org.tests.qa.GET_RequestTest@6743e411]" started-at="2026-06-14T20:03:37 IST" name="getOrderDetails" finished-at="2026-06-14T20:03:38 IST" duration-ms="386" status="PASS">
          <reporter-output>
          </reporter-output>
        </test-method> <!-- getOrderDetails -->
      </class> <!-- org.tests.qa.GET_RequestTest -->
      <class name="org.tests.qa.POST_RequestTest">
        <test-method is-config="true" signature="setUp()[pri:0, instance:org.tests.qa.POST_RequestTest@5fe94a96]" started-at="2026-06-14T20:03:29 IST" name="setUp" finished-at="2026-06-14T20:03:29 IST" duration-ms="213" status="PASS">
          <reporter-output>
          </reporter-output>
        </test-method> <!-- setUp -->
        <test-method signature="addProdToWl()[pri:0, instance:org.tests.qa.POST_RequestTest@5fe94a96]" started-at="2026-06-14T20:03:29 IST" name="addProdToWl" finished-at="2026-06-14T20:03:32 IST" duration-ms="2550" status="PASS">
          <reporter-output>
          </reporter-output>
        </test-method> <!-- addProdToWl -->
        <test-method signature="resetPassEmail()[pri:0, instance:org.tests.qa.POST_RequestTest@5fe94a96]" started-at="2026-06-14T20:03:32 IST" name="resetPassEmail" finished-at="2026-06-14T20:03:32 IST" duration-ms="429" status="PASS">
          <reporter-output>
          </reporter-output>
        </test-method> <!-- resetPassEmail -->
        <test-method is-config="true" signature="setUp()[pri:0, instance:org.tests.qa.POST_RequestTest@5fe94a96]" started-at="2026-06-14T20:03:32 IST" name="setUp" finished-at="2026-06-14T20:03:32 IST" duration-ms="0" status="PASS">
          <reporter-output>
          </reporter-output>
        </test-method> <!-- setUp -->
        <test-method is-config="true" signature="setUp()[pri:0, instance:org.tests.qa.POST_RequestTest@5fe94a96]" started-at="2026-06-14T20:03:32 IST" name="setUp" finished-at="2026-06-14T20:03:32 IST" duration-ms="0" status="PASS">
          <reporter-output>
          </reporter-output>
        </test-method> <!-- setUp -->
        <test-method signature="login()[pri:1, instance:org.tests.qa.POST_RequestTest@5fe94a96]" started-at="2026-06-14T20:03:32 IST" name="login" finished-at="2026-06-14T20:03:33 IST" duration-ms="423" status="PASS">
          <reporter-output>
          </reporter-output>
        </test-method> <!-- login -->
        <test-method signature="addItemtocart()[pri:2, instance:org.tests.qa.POST_RequestTest@5fe94a96]" started-at="2026-06-14T20:03:33 IST" name="addItemtocart" finished-at="2026-06-14T20:03:33 IST" duration-ms="318" status="PASS">
          <reporter-output>
          </reporter-output>
        </test-method> <!-- addItemtocart -->
        <test-method is-config="true" signature="setUp()[pri:0, instance:org.tests.qa.POST_RequestTest@5fe94a96]" started-at="2026-06-14T20:03:33 IST" name="setUp" finished-at="2026-06-14T20:03:33 IST" duration-ms="0" status="PASS">
          <reporter-output>
          </reporter-output>
        </test-method> <!-- setUp -->
        <test-method signature="newUserRegister()[pri:3, instance:org.tests.qa.POST_RequestTest@5fe94a96]" started-at="2026-06-14T20:03:33 IST" name="newUserRegister" finished-at="2026-06-14T20:03:34 IST" duration-ms="754" status="PASS">
          <reporter-output>
          </reporter-output>
        </test-method> <!-- newUserRegister -->
        <test-method is-config="true" signature="setUp()[pri:0, instance:org.tests.qa.POST_RequestTest@5fe94a96]" started-at="2026-06-14T20:03:33 IST" name="setUp" finished-at="2026-06-14T20:03:33 IST" duration-ms="0" status="PASS">
          <reporter-output>
          </reporter-output>
        </test-method> <!-- setUp -->
        <test-method signature="placeAnOrder()[pri:6, instance:org.tests.qa.POST_RequestTest@5fe94a96]" started-at="2026-06-14T20:03:34 IST" name="placeAnOrder" finished-at="2026-06-14T20:03:34 IST" duration-ms="427" status="PASS">
          <reporter-output>
          </reporter-output>
        </test-method> <!-- placeAnOrder -->
        <test-method is-config="true" signature="setUp()[pri:0, instance:org.tests.qa.POST_RequestTest@5fe94a96]" started-at="2026-06-14T20:03:34 IST" name="setUp" finished-at="2026-06-14T20:03:34 IST" duration-ms="0" status="PASS">
          <reporter-output>
          </reporter-output>
        </test-method> <!-- setUp -->
        <test-method signature="deliveryAdd()[pri:7, instance:org.tests.qa.POST_RequestTest@5fe94a96]" started-at="2026-06-14T20:03:34 IST" name="deliveryAdd" finished-at="2026-06-14T20:03:35 IST" duration-ms="993" status="PASS">
          <reporter-output>
          </reporter-output>
        </test-method> <!-- deliveryAdd -->
        <test-method is-config="true" signature="setUp()[pri:0, instance:org.tests.qa.POST_RequestTest@5fe94a96]" started-at="2026-06-14T20:03:34 IST" name="setUp" finished-at="2026-06-14T20:03:34 IST" duration-ms="0" status="PASS">
          <reporter-output>
          </reporter-output>
        </test-method> <!-- setUp -->
        <test-method signature="validCouponCode()[pri:7, instance:org.tests.qa.POST_RequestTest@5fe94a96]" started-at="2026-06-14T20:03:35 IST" name="validCouponCode" finished-at="2026-06-14T20:03:36 IST" duration-ms="482" status="PASS">
          <reporter-output>
          </reporter-output>
        </test-method> <!-- validCouponCode -->
        <test-method is-config="true" signature="setUp()[pri:0, instance:org.tests.qa.POST_RequestTest@5fe94a96]" started-at="2026-06-14T20:03:35 IST" name="setUp" finished-at="2026-06-14T20:03:35 IST" duration-ms="0" status="PASS">
          <reporter-output>
          </reporter-output>
        </test-method> <!-- setUp -->
      </class> <!-- org.tests.qa.POST_RequestTest -->
    </test> <!-- Test -->
  </suite> <!-- Dummy JSON API Automation Suite -->
</testng-results>
