<?xml version="1.0" encoding="UTF-8"?>
<!-- Generated by org.testng.reporters.JUnitXMLReporter -->
<testsuite ignored="7" hostname="LAPTOP-9L7GU43Q" failures="0" tests="1" name="Default test" time="2.926" errors="0" timestamp="2026-06-14T20:02:45 IST">
  <testcase classname="org.tests.qa.POST_RequestTest" name="deliveryAdd" time="2.675"/>
  <testcase classname="org.tests.qa.POST_RequestTest" name="addItemtocart" time="0.0">
    <ignored/>
  </testcase> <!-- addItemtocart -->
  <testcase classname="org.tests.qa.POST_RequestTest" name="validCouponCode" time="0.0">
    <ignored/>
  </testcase> <!-- validCouponCode -->
  <testcase classname="org.tests.qa.POST_RequestTest" name="resetPassEmail" time="0.0">
    <ignored/>
  </testcase> <!-- resetPassEmail -->
  <testcase classname="org.tests.qa.POST_RequestTest" name="placeAnOrder" time="0.0">
    <ignored/>
  </testcase> <!-- placeAnOrder -->
  <testcase classname="org.tests.qa.POST_RequestTest" name="addProdToWl" time="0.0">
    <ignored/>
  </testcase> <!-- addProdToWl -->
  <testcase classname="org.tests.qa.POST_RequestTest" name="login" time="0.0">
    <ignored/>
  </testcase> <!-- login -->
  <testcase classname="org.tests.qa.POST_RequestTest" name="newUserRegister" time="0.0">
    <ignored/>
  </testcase> <!-- newUserRegister -->
</testsuite> <!-- Default test -->
