<?xml version="1.0" encoding="UTF-8"?>
<!-- Generated by org.testng.reporters.JUnitReportReporter -->
<testsuite hostname="LAPTOP-9L7GU43Q" failures="0" tests="3" name="org.tests.qa.CartTest" time="24.164" errors="0" timestamp="2026-06-12T14:37:58 IST" skipped="0">
  <testcase classname="org.tests.qa.CartTest" name="ATC_006_Add_product_to_the_cart" time="7.619"/>
  <testcase classname="org.tests.qa.CartTest" name="ATC_007_Update_cart_item_quantity" time="8.811"/>
  <testcase classname="org.tests.qa.CartTest" name="ATC_008_Remove_item_from_cart" time="7.734"/>
</testsuite> <!-- org.tests.qa.CartTest -->
