<?xml version="1.0" encoding="UTF-8"?>
<!-- Generated by org.testng.reporters.JUnitReportReporter -->
<testsuite hostname="LAPTOP-9L7GU43Q" failures="0" tests="2" name="org.tests.qa.OrderTest" time="17.551" errors="0" timestamp="2026-06-12T14:37:58 IST" skipped="0">
  <testcase classname="org.tests.qa.OrderTest" name="ATC_013_Verify_order_history" time="10.993"/>
  <testcase classname="org.tests.qa.OrderTest" name="ATC_014_Verify_order_page_navigation" time="6.558"/>
</testsuite> <!-- org.tests.qa.OrderTest -->
