<?xml version="1.0" encoding="UTF-8"?>
<!-- Generated by org.testng.reporters.JUnitReportReporter -->
<testsuite hostname="LAPTOP-9L7GU43Q" failures="0" tests="3" name="org.tests.qa.LoginTest" time="17.973" errors="0" timestamp="2026-06-12T14:37:58 IST" skipped="0">
  <testcase classname="org.tests.qa.LoginTest" name="ATC_002_Verify_login_with_valid_credentials" time="6.894"/>
  <testcase classname="org.tests.qa.LoginTest" name="ATC_003_Verify_login_with_invalid_password" time="4.997"/>
  <testcase classname="org.tests.qa.LoginTest" name="ATC_016_Verify_logout_function" time="6.082"/>
</testsuite> <!-- org.tests.qa.LoginTest -->
