<?xml version="1.0" encoding="UTF-8"?>
<!-- Generated by org.testng.reporters.JUnitXMLReporter -->
<testsuite ignored="0" hostname="LAPTOP-9L7GU43Q" failures="0" tests="19" name="Test" time="10.195" errors="0" timestamp="2026-06-14T20:03:39 IST">
  <testcase classname="org.tests.qa.POST_RequestTest" name="addProdToWl" time="2.55"/>
  <testcase classname="org.tests.qa.POST_RequestTest" name="resetPassEmail" time="0.429"/>
  <testcase classname="org.tests.qa.POST_RequestTest" name="login" time="0.423"/>
  <testcase classname="org.tests.qa.POST_RequestTest" name="addItemtocart" time="0.318"/>
  <testcase classname="org.tests.qa.POST_RequestTest" name="newUserRegister" time="0.754"/>
  <testcase classname="org.tests.qa.POST_RequestTest" name="placeAnOrder" time="0.427"/>
  <testcase classname="org.tests.qa.POST_RequestTest" name="deliveryAdd" time="0.993"/>
  <testcase classname="org.tests.qa.POST_RequestTest" name="validCouponCode" time="0.482"/>
  <testcase classname="org.tests.qa.GET_RequestTest" name="listAllProd" time="0.348"/>
  <testcase classname="org.tests.qa.GET_RequestTest" name="getProductById" time="0.079"/>
  <testcase classname="org.tests.qa.GET_RequestTest" name="getCurrentUserCart" time="0.299"/>
  <testcase classname="org.tests.qa.GET_RequestTest" name="getCurrentUserProfile" time="0.312"/>
  <testcase classname="org.tests.qa.GET_RequestTest" name="getWishlist" time="0.4"/>
  <testcase classname="org.tests.qa.GET_RequestTest" name="getAllOrders" time="0.379"/>
  <testcase classname="org.tests.qa.GET_RequestTest" name="getOrderDetails" time="0.386"/>
  <testcase classname="org.tests.qa.PUT_RequestTest" name="updateCartQty" time="0.312"/>
  <testcase classname="org.tests.qa.PUT_RequestTest" name="updateUserProfile" time="0.33"/>
  <testcase classname="org.tests.qa.DELETE_RequestTest" name="deleteCart" time="0.306"/>
  <testcase classname="org.tests.qa.DELETE_RequestTest" name="canceltheOrder" time="0.387"/>
</testsuite> <!-- Test -->
