<?xml version="1.0" encoding="UTF-8"?>
<!-- Generated by org.testng.reporters.JUnitReportReporter -->
<testsuite hostname="LAPTOP-9L7GU43Q" failures="0" tests="2" name="org.tests.qa.PUT_RequestTest" time="0.852" errors="0" timestamp="2026-06-14T22:19:30 IST" skipped="0">
  <testcase classname="org.tests.qa.PUT_RequestTest" name="updateCartQty" time="0.443"/>
  <testcase classname="org.tests.qa.PUT_RequestTest" name="updateUserProfile" time="0.409"/>
</testsuite> <!-- org.tests.qa.PUT_RequestTest -->
