<?xml version="1.0" encoding="UTF-8"?>
<!-- Generated by org.testng.reporters.JUnitReportReporter -->
<testsuite hostname="LAPTOP-9L7GU43Q" failures="0" tests="2" name="org.tests.qa.DELETE_RequestTest" time="1.416" errors="0" timestamp="2026-06-14T22:19:30 IST" skipped="0">
  <testcase classname="org.tests.qa.DELETE_RequestTest" name="deleteCart" time="0.463"/>
  <testcase classname="org.tests.qa.DELETE_RequestTest" name="canceltheOrder" time="0.953"/>
</testsuite> <!-- org.tests.qa.DELETE_RequestTest -->
