<?xml version="1.0" encoding="UTF-8"?>
<!-- Generated by org.testng.reporters.JUnitReportReporter -->
<testsuite hostname="LAPTOP-9L7GU43Q" failures="0" tests="8" name="org.tests.qa.POST_RequestTest" time="22.581" errors="0" timestamp="2026-06-14T22:19:30 IST" skipped="0">
  <testcase classname="org.tests.qa.POST_RequestTest" name="resetPassEmail" time="11.835"/>
  <testcase classname="org.tests.qa.POST_RequestTest" name="addProdToWl" time="4.837"/>
  <testcase classname="org.tests.qa.POST_RequestTest" name="login" time="0.538"/>
  <testcase classname="org.tests.qa.POST_RequestTest" name="addItemtocart" time="0.505"/>
  <testcase classname="org.tests.qa.POST_RequestTest" name="newUserRegister" time="0.991"/>
  <testcase classname="org.tests.qa.POST_RequestTest" name="placeAnOrder" time="1.947"/>
  <testcase classname="org.tests.qa.POST_RequestTest" name="validCouponCode" time="1.036"/>
  <testcase classname="org.tests.qa.POST_RequestTest" name="deliveryAdd" time="0.892"/>
</testsuite> <!-- org.tests.qa.POST_RequestTest -->
