<?xml version="1.0" encoding="UTF-8"?>
<!-- Generated by org.testng.reporters.JUnitReportReporter -->
<testsuite hostname="LAPTOP-9L7GU43Q" failures="0" tests="7" name="org.tests.qa.GET_RequestTest" time="5.511" errors="0" timestamp="2026-06-14T22:19:30 IST" skipped="0">
  <testcase classname="org.tests.qa.GET_RequestTest" name="listAllProd" time="0.516"/>
  <testcase classname="org.tests.qa.GET_RequestTest" name="getProductById" time="2.286"/>
  <testcase classname="org.tests.qa.GET_RequestTest" name="getCurrentUserCart" time="0.431"/>
  <testcase classname="org.tests.qa.GET_RequestTest" name="getCurrentUserProfile" time="0.423"/>
  <testcase classname="org.tests.qa.GET_RequestTest" name="getWishlist" time="0.865"/>
  <testcase classname="org.tests.qa.GET_RequestTest" name="getAllOrders" time="0.486"/>
  <testcase classname="org.tests.qa.GET_RequestTest" name="getOrderDetails" time="0.504"/>
</testsuite> <!-- org.tests.qa.GET_RequestTest -->
