<?xml version="1.0" encoding="UTF-8"?>
<!-- Generated by org.testng.reporters.JUnitXMLReporter -->
<testsuite ignored="0" hostname="LAPTOP-9L7GU43Q" failures="0" tests="28" name="Default test" time="215.214" errors="0" timestamp="2026-06-12T14:21:44 IST">
  <testcase classname="org.tests.qa.PriceFilterTest" name="ATC_005_Verify_prod_sort" time="2.771"/>
  <testcase classname="org.tests.qa.CheckoutTest" name="ATC_010_Complete_full_checkout" time="12.255"/>
  <testcase classname="org.tests.qa.OrderTest" name="ATC_013_Verify_order_history" time="10.515"/>
  <testcase classname="org.tests.qa.OrderTest" name="ATC_014_Verify_order_page_navigation" time="2.802"/>
  <testcase classname="org.tests.qa.ProductDetailsTest" name="ATC_018_Verify_product_details_page" time="2.584"/>
  <testcase classname="org.tests.qa.ProductDetailsTest" name="ATC_018_Verify_product_details_page" time="2.286"/>
  <testcase classname="org.tests.qa.ProductDetailsTest" name="ATC_018_Verify_product_details_page" time="2.544"/>
  <testcase classname="org.tests.qa.ProductDetailsTest" name="ATC_018_Verify_product_details_page" time="2.755"/>
  <testcase classname="org.tests.qa.ProductDetailsTest" name="ATC_018_Verify_product_details_page" time="2.574"/>
  <testcase classname="org.tests.qa.ProductDetailsTest" name="ATC_018_Verify_product_details_page" time="2.385"/>
  <testcase classname="org.tests.qa.ProductDetailsTest" name="ATC_018_Verify_product_details_page" time="2.581"/>
  <testcase classname="org.tests.qa.WishlistTest" name="ATC_009_Add_product_to_wishlist" time="3.179"/>
  <testcase classname="org.tests.qa.CouponTest" name="ATC_011_Apply_valid_coupon" time="0.01">
    <skipped/>
  </testcase> <!-- ATC_011_Apply_valid_coupon -->
  <testcase classname="org.tests.qa.CouponTest" name="ATC_012_Apply_invalid_coupon" time="4.517"/>
  <testcase classname="org.tests.qa.LoginTest" name="ATC_002_Verify_login_with_valid_credentials" time="1.594"/>
  <testcase classname="org.tests.qa.LoginTest" name="ATC_003_Verify_login_with_invalid_password" time="1.178"/>
  <testcase classname="org.tests.qa.LoginTest" name="ATC_016_Verify_logout_function" time="2.168"/>
  <testcase classname="org.tests.qa.RegisterTest" name="ATC_001_Verify_user_registration_with_valid_data" time="1.993"/>
  <testcase classname="org.tests.qa.RegisterTest" name="ATC_015_Verify_user_registration_with_empty_fields" time="0.783"/>
  <testcase classname="org.tests.qa.SearchProductTest" name="ATC_004_Verify_product_with_valid_keyword" time="1.087"/>
  <testcase classname="org.tests.qa.SearchProductTest" name="ATC_004_Verify_product_with_valid_keyword" time="0.978"/>
  <testcase classname="org.tests.qa.SearchProductTest" name="ATC_017_Verify_product_search_with_invalid_keyword" time="1.084"/>
  <testcase classname="org.tests.qa.SearchProductTest" name="ATC_017_Verify_product_search_with_invalid_keyword" time="1.025"/>
  <testcase classname="org.tests.qa.CartTest" name="ATC_006_Add_product_to_the_cart" time="3.906"/>
  <testcase classname="org.tests.qa.CartTest" name="ATC_007_Update_cart_item_quantity" time="4.053"/>
  <testcase classname="org.tests.qa.CartTest" name="ATC_008_Remove_item_from_cart" time="3.726"/>
  <testcase classname="org.tests.qa.MyAccountTest" name="ATC_020_Verify_my_acc_page_navigation" time="3.282"/>
  <testcase classname="org.tests.qa.CompareProductTest" name="ATC_019_Verify_compare_product_function" time="13.282"/>
</testsuite> <!-- Default test -->
