<?xml version="1.0" encoding="UTF-8"?>
<testsuite xmlns:xsi="http://www.w3.org/2001/XMLSchema-instance" xsi:noNamespaceSchemaLocation="https://maven.apache.org/surefire/maven-surefire-plugin/xsd/surefire-test-report-3.0.xsd" version="3.0" name="TestSuite" time="192.376" tests="28" errors="0" skipped="1" failures="0">
  <properties>
[...]
</properties>
  <testcase name="ATC_001_Verify_user_registration_with_valid_data" classname="org.tests.qa.RegisterTest" time="2.41">
    <system-out><![CDATA[2026-06-15 02:40:08 [main] WARN  org.testng.xml.TestNGContentHandler - It is strongly recommended to add "<!DOCTYPE suite SYSTEM "https://testng.org/testng-1.1.dtd" >" at the top of the suite file [D:\Eclipse Automation Workspace\DemoWebShop_AutomationTesting\testng.xml] otherwise TestNG may fail or not work as expected.
2026-06-15 02:40:09 [main] INFO  org.utilities.qa.Log - Start Test for Registration
2026-06-15 02:40:13 [main] INFO  org.utilities.qa.Log - Browser opened and DemoWebShop Tricentis launched successfully
2026-06-15 02:40:14 [main] INFO  org.utilities.qa.Log - PostgreSQL database is connected successfully.
2026-06-15 02:40:14 [main] INFO  org.utilities.qa.Log - Executing ATC_001 : Verify user registration with valid data
2026-06-15 02:40:16 [main] INFO  org.utilities.qa.Log - Success Registration message :Your registration completed
]]></system-out>
    <system-err><![CDATA[Jun 15, 2026 2:40:10 AM org.openqa.selenium.devtools.CdpVersionFinder findNearestMatch
WARNING: Unable to find an exact match for CDP version 149, returning the closest version; found: 148; Please update to a Selenium version that supports CDP version 149
]]></system-err>
  </testcase>
  <testcase name="ATC_015_Verify_user_registration_with_empty_fields" classname="org.tests.qa.RegisterTest" time="0.838">
    <system-out><![CDATA[2026-06-15 02:40:16 [main] INFO  org.utilities.qa.Log - End the test
2026-06-15 02:40:16 [main] INFO  org.utilities.qa.Log - Database connection closed.
2026-06-15 02:40:17 [main] INFO  org.utilities.qa.Log - Browser closed successfully...
2026-06-15 02:40:17 [main] INFO  org.utilities.qa.Log - Start Test for Registration
2026-06-15 02:40:21 [main] INFO  org.utilities.qa.Log - Browser opened and DemoWebShop Tricentis launched successfully
2026-06-15 02:40:21 [main] INFO  org.utilities.qa.Log - PostgreSQL database is connected successfully.
2026-06-15 02:40:21 [main] INFO  org.utilities.qa.Log - Executing ATC_015 : Verify user registration with empty fields
]]></system-out>
    <system-err><![CDATA[Jun 15, 2026 2:40:18 AM org.openqa.selenium.devtools.CdpVersionFinder findNearestMatch
WARNING: Unable to find an exact match for CDP version 149, returning the closest version; found: 148; Please update to a Selenium version that supports CDP version 149
]]></system-err>
  </testcase>
  <testcase name="ATC_002_Verify_login_with_valid_credentials" classname="org.tests.qa.LoginTest" time="1.51">
    <system-out><![CDATA[2026-06-15 02:40:22 [main] INFO  org.utilities.qa.Log - End the test
2026-06-15 02:40:22 [main] INFO  org.utilities.qa.Log - Database connection closed.
2026-06-15 02:40:22 [main] INFO  org.utilities.qa.Log - Browser closed successfully...
2026-06-15 02:40:22 [main] INFO  org.utilities.qa.Log - Start Test for Login
2026-06-15 02:40:26 [main] INFO  org.utilities.qa.Log - Browser opened and DemoWebShop Tricentis launched successfully
2026-06-15 02:40:26 [main] INFO  org.utilities.qa.Log - PostgreSQL database is connected successfully.
2026-06-15 02:40:26 [main] INFO  org.utilities.qa.Log - Executing ATC_002 : Login with valid credentials
]]></system-out>
    <system-err><![CDATA[Jun 15, 2026 2:40:24 AM org.openqa.selenium.devtools.CdpVersionFinder findNearestMatch
WARNING: Unable to find an exact match for CDP version 149, returning the closest version; found: 148; Please update to a Selenium version that supports CDP version 149
]]></system-err>
  </testcase>
  <testcase name="ATC_003_Verify_login_with_invalid_password" classname="org.tests.qa.LoginTest" time="1.16">
    <system-out><![CDATA[2026-06-15 02:40:28 [main] INFO  org.utilities.qa.Log - Login test ended
2026-06-15 02:40:28 [main] INFO  org.utilities.qa.Log - Database connection closed.
2026-06-15 02:40:28 [main] INFO  org.utilities.qa.Log - Browser closed successfully...
2026-06-15 02:40:28 [main] INFO  org.utilities.qa.Log - Start Test for Login
2026-06-15 02:40:31 [main] INFO  org.utilities.qa.Log - Browser opened and DemoWebShop Tricentis launched successfully
2026-06-15 02:40:31 [main] INFO  org.utilities.qa.Log - PostgreSQL database is connected successfully.
2026-06-15 02:40:31 [main] INFO  org.utilities.qa.Log - Executing ATC_003 : Verify login with invalid password
]]></system-out>
    <system-err><![CDATA[Jun 15, 2026 2:40:29 AM org.openqa.selenium.devtools.CdpVersionFinder findNearestMatch
WARNING: Unable to find an exact match for CDP version 149, returning the closest version; found: 148; Please update to a Selenium version that supports CDP version 149
]]></system-err>
  </testcase>
  <testcase name="ATC_016_Verify_logout_function" classname="org.tests.qa.LoginTest" time="2.187">
    <system-out><![CDATA[2026-06-15 02:40:33 [main] INFO  org.utilities.qa.Log - Login test ended
2026-06-15 02:40:33 [main] INFO  org.utilities.qa.Log - Database connection closed.
2026-06-15 02:40:33 [main] INFO  org.utilities.qa.Log - Browser closed successfully...
2026-06-15 02:40:33 [main] INFO  org.utilities.qa.Log - Start Test for Login
2026-06-15 02:40:36 [main] INFO  org.utilities.qa.Log - Browser opened and DemoWebShop Tricentis launched successfully
2026-06-15 02:40:37 [main] INFO  org.utilities.qa.Log - PostgreSQL database is connected successfully.
2026-06-15 02:40:37 [main] INFO  org.utilities.qa.Log - Executing ATC_016 : Verify the logout functionality
2026-06-15 02:40:39 [main] INFO  org.utilities.qa.Log - Application logout completed
]]></system-out>
    <system-err><![CDATA[Jun 15, 2026 2:40:34 AM org.openqa.selenium.devtools.CdpVersionFinder findNearestMatch
WARNING: Unable to find an exact match for CDP version 149, returning the closest version; found: 148; Please update to a Selenium version that supports CDP version 149
]]></system-err>
  </testcase>
  <testcase name="ATC_004_Verify_product_with_valid_keyword[jeans](1)" classname="org.tests.qa.SearchProductTest" time="1.197">
    <system-out><![CDATA[2026-06-15 02:40:39 [main] INFO  org.utilities.qa.Log - Login test ended
2026-06-15 02:40:39 [main] INFO  org.utilities.qa.Log - Database connection closed.
2026-06-15 02:40:39 [main] INFO  org.utilities.qa.Log - Browser closed successfully...
2026-06-15 02:40:39 [main] INFO  org.utilities.qa.Log - PostgreSQL database is connected successfully.
2026-06-15 02:40:39 [main] INFO  org.utilities.qa.Log - Database connection closed.
2026-06-15 02:40:39 [main] INFO  org.utilities.qa.Log - Start Test for Search Product
2026-06-15 02:40:43 [main] INFO  org.utilities.qa.Log - Browser opened and DemoWebShop Tricentis launched successfully
2026-06-15 02:40:43 [main] INFO  org.utilities.qa.Log - Executing AATC_004 - Verify product search with valid keyword :jeans
2026-06-15 02:40:43 [main] INFO  org.utilities.qa.Log - Searching for the product :jeans
2026-06-15 02:40:44 [main] INFO  org.utilities.qa.Log - Verifying product display
2026-06-15 02:40:44 [main] INFO  org.utilities.qa.Log - Valid product search verified successfully for :jeans
]]></system-out>
    <system-err><![CDATA[Jun 15, 2026 2:40:40 AM org.openqa.selenium.devtools.CdpVersionFinder findNearestMatch
WARNING: Unable to find an exact match for CDP version 149, returning the closest version; found: 148; Please update to a Selenium version that supports CDP version 149
]]></system-err>
  </testcase>
  <testcase name="ATC_004_Verify_product_with_valid_keyword[computer](2)" classname="org.tests.qa.SearchProductTest" time="0.886">
    <system-out><![CDATA[2026-06-15 02:40:44 [main] INFO  org.utilities.qa.Log - Search Product Test Ended
2026-06-15 02:40:44 [main] INFO  org.utilities.qa.Log - Browser closed successfully...
2026-06-15 02:40:44 [main] INFO  org.utilities.qa.Log - Start Test for Search Product
2026-06-15 02:40:48 [main] INFO  org.utilities.qa.Log - Browser opened and DemoWebShop Tricentis launched successfully
2026-06-15 02:40:48 [main] INFO  org.utilities.qa.Log - Executing AATC_004 - Verify product search with valid keyword :computer
2026-06-15 02:40:48 [main] INFO  org.utilities.qa.Log - Searching for the product :computer
2026-06-15 02:40:48 [main] INFO  org.utilities.qa.Log - Verifying product display
2026-06-15 02:40:48 [main] INFO  org.utilities.qa.Log - Valid product search verified successfully for :computer
]]></system-out>
    <system-err><![CDATA[Jun 15, 2026 2:40:45 AM org.openqa.selenium.devtools.CdpVersionFinder findNearestMatch
WARNING: Unable to find an exact match for CDP version 149, returning the closest version; found: 148; Please update to a Selenium version that supports CDP version 149
]]></system-err>
  </testcase>
  <testcase name="ATC_017_Verify_product_search_with_invalid_keyword[xyzabc](1)" classname="org.tests.qa.SearchProductTest" time="0.988">
    <system-out><![CDATA[2026-06-15 02:40:48 [main] INFO  org.utilities.qa.Log - Search Product Test Ended
2026-06-15 02:40:49 [main] INFO  org.utilities.qa.Log - Browser closed successfully...
2026-06-15 02:40:49 [main] INFO  org.utilities.qa.Log - PostgreSQL database is connected successfully.
2026-06-15 02:40:49 [main] INFO  org.utilities.qa.Log - Database connection closed.
2026-06-15 02:40:49 [main] INFO  org.utilities.qa.Log - Start Test for Search Product
2026-06-15 02:40:52 [main] INFO  org.utilities.qa.Log - Browser opened and DemoWebShop Tricentis launched successfully
2026-06-15 02:40:52 [main] INFO  org.utilities.qa.Log - Executing ATC_017 - Verify product search with invalid keyword entered :xyzabc
2026-06-15 02:40:52 [main] INFO  org.utilities.qa.Log - Searching for the product :xyzabc
2026-06-15 02:40:53 [main] INFO  org.utilities.qa.Log - Verifying invalid product search message
2026-06-15 02:40:53 [main] INFO  org.utilities.qa.Log - Validating invalid product search message
2026-06-15 02:40:53 [main] INFO  org.utilities.qa.Log - Invalid product search message :No products were found that matched your criteria.
]]></system-out>
    <system-err><![CDATA[Jun 15, 2026 2:40:50 AM org.openqa.selenium.devtools.CdpVersionFinder findNearestMatch
WARNING: Unable to find an exact match for CDP version 149, returning the closest version; found: 148; Please update to a Selenium version that supports CDP version 149
]]></system-err>
  </testcase>
  <testcase name="ATC_017_Verify_product_search_with_invalid_keyword[marketplace](2)" classname="org.tests.qa.SearchProductTest" time="0.869">
    <system-out><![CDATA[2026-06-15 02:40:53 [main] INFO  org.utilities.qa.Log - Search Product Test Ended
2026-06-15 02:40:53 [main] INFO  org.utilities.qa.Log - Browser closed successfully...
2026-06-15 02:40:53 [main] INFO  org.utilities.qa.Log - Start Test for Search Product
2026-06-15 02:40:57 [main] INFO  org.utilities.qa.Log - Browser opened and DemoWebShop Tricentis launched successfully
2026-06-15 02:40:57 [main] INFO  org.utilities.qa.Log - Executing ATC_017 - Verify product search with invalid keyword entered :marketplace
2026-06-15 02:40:57 [main] INFO  org.utilities.qa.Log - Searching for the product :marketplace
2026-06-15 02:40:58 [main] INFO  org.utilities.qa.Log - Verifying invalid product search message
2026-06-15 02:40:58 [main] INFO  org.utilities.qa.Log - Validating invalid product search message
2026-06-15 02:40:58 [main] INFO  org.utilities.qa.Log - Invalid product search message :No products were found that matched your criteria.
]]></system-out>
    <system-err><![CDATA[Jun 15, 2026 2:40:54 AM org.openqa.selenium.devtools.CdpVersionFinder findNearestMatch
WARNING: Unable to find an exact match for CDP version 149, returning the closest version; found: 148; Please update to a Selenium version that supports CDP version 149
]]></system-err>
  </testcase>
  <testcase name="ATC_018_Verify_product_details_page[Computing and Internet](1)" classname="org.tests.qa.ProductDetailsTest" time="2.713">
    <system-out><![CDATA[2026-06-15 02:40:58 [main] INFO  org.utilities.qa.Log - Search Product Test Ended
2026-06-15 02:40:58 [main] INFO  org.utilities.qa.Log - Browser closed successfully...
2026-06-15 02:40:58 [main] INFO  org.utilities.qa.Log - PostgreSQL database is connected successfully.
2026-06-15 02:40:58 [main] INFO  org.utilities.qa.Log - Database connection closed.
2026-06-15 02:40:58 [main] INFO  org.utilities.qa.Log - Start Test for Product Details
2026-06-15 02:41:02 [main] INFO  org.utilities.qa.Log - Browser opened and DemoWebShop Tricentis launched successfully
2026-06-15 02:41:02 [main] INFO  org.utilities.qa.Log - Executing ATC_018 - Verify the product :Computing and Internet
2026-06-15 02:41:02 [main] INFO  org.utilities.qa.Log - Searching for the product :Computing and Internet
2026-06-15 02:41:05 [main] INFO  org.utilities.qa.Log - The product details were successfully verified for :Computing and Internet
]]></system-out>
    <system-err><![CDATA[Jun 15, 2026 2:41:00 AM org.openqa.selenium.devtools.CdpVersionFinder findNearestMatch
WARNING: Unable to find an exact match for CDP version 149, returning the closest version; found: 148; Please update to a Selenium version that supports CDP version 149
]]></system-err>
  </testcase>
  <testcase name="ATC_018_Verify_product_details_page[14.1-inch Laptop](2)" classname="org.tests.qa.ProductDetailsTest" time="2.937">
    <system-out><![CDATA[2026-06-15 02:41:05 [main] INFO  org.utilities.qa.Log - Product Details Test Ended
2026-06-15 02:41:05 [main] INFO  org.utilities.qa.Log - Browser closed successfully...
2026-06-15 02:41:05 [main] INFO  org.utilities.qa.Log - Start Test for Product Details
2026-06-15 02:41:09 [main] INFO  org.utilities.qa.Log - Browser opened and DemoWebShop Tricentis launched successfully
2026-06-15 02:41:09 [main] INFO  org.utilities.qa.Log - Executing ATC_018 - Verify the product :14.1-inch Laptop
2026-06-15 02:41:09 [main] INFO  org.utilities.qa.Log - Searching for the product :14.1-inch Laptop
2026-06-15 02:41:12 [main] INFO  org.utilities.qa.Log - The product details were successfully verified for :14.1-inch Laptop
]]></system-out>
    <system-err><![CDATA[Jun 15, 2026 2:41:06 AM org.openqa.selenium.devtools.CdpVersionFinder findNearestMatch
WARNING: Unable to find an exact match for CDP version 149, returning the closest version; found: 148; Please update to a Selenium version that supports CDP version 149
]]></system-err>
  </testcase>
  <testcase name="ATC_018_Verify_product_details_page[50&apos;s Rockabilly Polka Dot Top JR Plus Size](3)" classname="org.tests.qa.ProductDetailsTest" time="2.65">
    <system-out><![CDATA[2026-06-15 02:41:12 [main] INFO  org.utilities.qa.Log - Product Details Test Ended
2026-06-15 02:41:12 [main] INFO  org.utilities.qa.Log - Browser closed successfully...
2026-06-15 02:41:12 [main] INFO  org.utilities.qa.Log - Start Test for Product Details
2026-06-15 02:41:16 [main] INFO  org.utilities.qa.Log - Browser opened and DemoWebShop Tricentis launched successfully
2026-06-15 02:41:16 [main] INFO  org.utilities.qa.Log - Executing ATC_018 - Verify the product :50's Rockabilly Polka Dot Top JR Plus Size
2026-06-15 02:41:16 [main] INFO  org.utilities.qa.Log - Searching for the product :50's Rockabilly Polka Dot Top JR Plus Size
2026-06-15 02:41:19 [main] INFO  org.utilities.qa.Log - The product details were successfully verified for :50's Rockabilly Polka Dot Top JR Plus Size
]]></system-out>
    <system-err><![CDATA[Jun 15, 2026 2:41:14 AM org.openqa.selenium.devtools.CdpVersionFinder findNearestMatch
WARNING: Unable to find an exact match for CDP version 149, returning the closest version; found: 148; Please update to a Selenium version that supports CDP version 149
]]></system-err>
  </testcase>
  <testcase name="ATC_018_Verify_product_details_page[Diamond Tennis Bracelet](4)" classname="org.tests.qa.ProductDetailsTest" time="2.591">
    <system-out><![CDATA[2026-06-15 02:41:19 [main] INFO  org.utilities.qa.Log - Product Details Test Ended
2026-06-15 02:41:19 [main] INFO  org.utilities.qa.Log - Browser closed successfully...
2026-06-15 02:41:19 [main] INFO  org.utilities.qa.Log - Start Test for Product Details
2026-06-15 02:41:23 [main] INFO  org.utilities.qa.Log - Browser opened and DemoWebShop Tricentis launched successfully
2026-06-15 02:41:23 [main] INFO  org.utilities.qa.Log - Executing ATC_018 - Verify the product :Diamond Tennis Bracelet
2026-06-15 02:41:23 [main] INFO  org.utilities.qa.Log - Searching for the product :Diamond Tennis Bracelet
2026-06-15 02:41:26 [main] INFO  org.utilities.qa.Log - The product details were successfully verified for :Diamond Tennis Bracelet
]]></system-out>
    <system-err><![CDATA[Jun 15, 2026 2:41:20 AM org.openqa.selenium.devtools.CdpVersionFinder findNearestMatch
WARNING: Unable to find an exact match for CDP version 149, returning the closest version; found: 148; Please update to a Selenium version that supports CDP version 149
]]></system-err>
  </testcase>
  <testcase name="ATC_018_Verify_product_details_page[Blue and green Sneaker](5)" classname="org.tests.qa.ProductDetailsTest" time="2.249">
    <system-out><![CDATA[2026-06-15 02:41:26 [main] INFO  org.utilities.qa.Log - Product Details Test Ended
2026-06-15 02:41:26 [main] INFO  org.utilities.qa.Log - Browser closed successfully...
2026-06-15 02:41:26 [main] INFO  org.utilities.qa.Log - Start Test for Product Details
2026-06-15 02:41:30 [main] INFO  org.utilities.qa.Log - Browser opened and DemoWebShop Tricentis launched successfully
2026-06-15 02:41:30 [main] INFO  org.utilities.qa.Log - Executing ATC_018 - Verify the product :Blue and green Sneaker
2026-06-15 02:41:30 [main] INFO  org.utilities.qa.Log - Searching for the product :Blue and green Sneaker
2026-06-15 02:41:32 [main] INFO  org.utilities.qa.Log - The product details were successfully verified for :Blue and green Sneaker
]]></system-out>
    <system-err><![CDATA[Jun 15, 2026 2:41:27 AM org.openqa.selenium.devtools.CdpVersionFinder findNearestMatch
WARNING: Unable to find an exact match for CDP version 149, returning the closest version; found: 148; Please update to a Selenium version that supports CDP version 149
]]></system-err>
  </testcase>
  <testcase name="ATC_018_Verify_product_details_page[Blue Jeans](6)" classname="org.tests.qa.ProductDetailsTest" time="2.437">
    <system-out><![CDATA[2026-06-15 02:41:32 [main] INFO  org.utilities.qa.Log - Product Details Test Ended
2026-06-15 02:41:32 [main] INFO  org.utilities.qa.Log - Browser closed successfully...
2026-06-15 02:41:32 [main] INFO  org.utilities.qa.Log - Start Test for Product Details
2026-06-15 02:41:36 [main] INFO  org.utilities.qa.Log - Browser opened and DemoWebShop Tricentis launched successfully
2026-06-15 02:41:36 [main] INFO  org.utilities.qa.Log - Executing ATC_018 - Verify the product :Blue Jeans
2026-06-15 02:41:36 [main] INFO  org.utilities.qa.Log - Searching for the product :Blue Jeans
2026-06-15 02:41:38 [main] INFO  org.utilities.qa.Log - The product details were successfully verified for :Blue Jeans
]]></system-out>
    <system-err><![CDATA[Jun 15, 2026 2:41:33 AM org.openqa.selenium.devtools.CdpVersionFinder findNearestMatch
WARNING: Unable to find an exact match for CDP version 149, returning the closest version; found: 148; Please update to a Selenium version that supports CDP version 149
]]></system-err>
  </testcase>
  <testcase name="ATC_018_Verify_product_details_page[Denim Short with Rhinestones](7)" classname="org.tests.qa.ProductDetailsTest" time="2.37">
    <system-out><![CDATA[2026-06-15 02:41:38 [main] INFO  org.utilities.qa.Log - Product Details Test Ended
2026-06-15 02:41:38 [main] INFO  org.utilities.qa.Log - Browser closed successfully...
2026-06-15 02:41:38 [main] INFO  org.utilities.qa.Log - Start Test for Product Details
2026-06-15 02:41:42 [main] INFO  org.utilities.qa.Log - Browser opened and DemoWebShop Tricentis launched successfully
2026-06-15 02:41:42 [main] INFO  org.utilities.qa.Log - Executing ATC_018 - Verify the product :Denim Short with Rhinestones
2026-06-15 02:41:42 [main] INFO  org.utilities.qa.Log - Searching for the product :Denim Short with Rhinestones
2026-06-15 02:41:44 [main] INFO  org.utilities.qa.Log - The product details were successfully verified for :Denim Short with Rhinestones
]]></system-out>
    <system-err><![CDATA[Jun 15, 2026 2:41:40 AM org.openqa.selenium.devtools.CdpVersionFinder findNearestMatch
WARNING: Unable to find an exact match for CDP version 149, returning the closest version; found: 148; Please update to a Selenium version that supports CDP version 149
]]></system-err>
  </testcase>
  <testcase name="ATC_006_Add_product_to_the_cart" classname="org.tests.qa.CartTest" time="3.08">
    <system-out><![CDATA[2026-06-15 02:41:44 [main] INFO  org.utilities.qa.Log - Product Details Test Ended
2026-06-15 02:41:44 [main] INFO  org.utilities.qa.Log - Browser closed successfully...
2026-06-15 02:41:44 [main] INFO  org.utilities.qa.Log - Start Cart Module Test
2026-06-15 02:41:48 [main] INFO  org.utilities.qa.Log - Browser opened and DemoWebShop Tricentis launched successfully
2026-06-15 02:41:48 [main] INFO  org.utilities.qa.Log - Executing ATC_006 - Add a product to the Cart
2026-06-15 02:41:48 [main] INFO  org.utilities.qa.Log - PostgreSQL database is connected successfully.
2026-06-15 02:41:48 [main] INFO  org.utilities.qa.Log - Database connection closed.
2026-06-15 02:41:48 [main] INFO  org.utilities.qa.Log - Product is fetched from the database :Computing and Internet
2026-06-15 02:41:48 [main] INFO  org.utilities.qa.Log - Searching for the product :Computing and Internet
2026-06-15 02:41:50 [main] INFO  org.utilities.qa.Log - The product is added to cart successfully
2026-06-15 02:41:51 [main] INFO  org.utilities.qa.Log - Checking if the product is there in the cart
2026-06-15 02:41:51 [main] INFO  org.utilities.qa.Log - Getting the count of the cart from the header
2026-06-15 02:41:51 [main] INFO  org.utilities.qa.Log - The cart count after adding the product :(1)
2026-06-15 02:41:51 [main] INFO  org.utilities.qa.Log - Test ATC_006 passed successfully
]]></system-out>
    <system-err><![CDATA[Jun 15, 2026 2:41:46 AM org.openqa.selenium.devtools.CdpVersionFinder findNearestMatch
WARNING: Unable to find an exact match for CDP version 149, returning the closest version; found: 148; Please update to a Selenium version that supports CDP version 149
]]></system-err>
  </testcase>
  <testcase name="ATC_007_Update_cart_item_quantity" classname="org.tests.qa.CartTest" time="4.328">
    <system-out><![CDATA[2026-06-15 02:41:51 [main] INFO  org.utilities.qa.Log - Cart Test Ended
2026-06-15 02:41:51 [main] INFO  org.utilities.qa.Log - Browser closed successfully...
2026-06-15 02:41:51 [main] INFO  org.utilities.qa.Log - Start Cart Module Test
2026-06-15 02:41:54 [main] INFO  org.utilities.qa.Log - Browser opened and DemoWebShop Tricentis launched successfully
2026-06-15 02:41:54 [main] INFO  org.utilities.qa.Log - Executing ATC_007 - Update Cart Quantity and verify updated total
2026-06-15 02:41:54 [main] INFO  org.utilities.qa.Log - PostgreSQL database is connected successfully.
2026-06-15 02:41:54 [main] INFO  org.utilities.qa.Log - Database connection closed.
2026-06-15 02:41:54 [main] INFO  org.utilities.qa.Log - Product is fetched from the database :Computing and Internet
2026-06-15 02:41:54 [main] INFO  org.utilities.qa.Log - Searching for the product :Computing and Internet
2026-06-15 02:41:57 [main] INFO  org.utilities.qa.Log - The product is added to cart successfully
2026-06-15 02:41:57 [main] INFO  org.utilities.qa.Log - Getting the sub total of the product from cart
2026-06-15 02:41:57 [main] INFO  org.utilities.qa.Log - Subtotal before updating the product quantity :10.00
2026-06-15 02:41:57 [main] INFO  org.utilities.qa.Log - Updating the product quantity
2026-06-15 02:41:58 [main] INFO  org.utilities.qa.Log - Clicking on the Update Shopping Cart Button
2026-06-15 02:41:58 [main] INFO  org.utilities.qa.Log - Getting the sub total of the product from cart
2026-06-15 02:41:59 [main] INFO  org.utilities.qa.Log - Subtotal after updating the product quantity :40.00
2026-06-15 02:41:59 [main] INFO  org.utilities.qa.Log - Checking if the product is there in the cart
2026-06-15 02:41:59 [main] INFO  org.utilities.qa.Log - Test STC_007 passed successfully
]]></system-out>
    <system-err><![CDATA[Jun 15, 2026 2:41:52 AM org.openqa.selenium.devtools.CdpVersionFinder findNearestMatch
WARNING: Unable to find an exact match for CDP version 149, returning the closest version; found: 148; Please update to a Selenium version that supports CDP version 149
]]></system-err>
  </testcase>
  <testcase name="ATC_008_Remove_item_from_cart" classname="org.tests.qa.CartTest" time="3.621">
    <system-out><![CDATA[2026-06-15 02:41:59 [main] INFO  org.utilities.qa.Log - Cart Test Ended
2026-06-15 02:41:59 [main] INFO  org.utilities.qa.Log - Browser closed successfully...
2026-06-15 02:41:59 [main] INFO  org.utilities.qa.Log - Start Cart Module Test
2026-06-15 02:42:03 [main] INFO  org.utilities.qa.Log - Browser opened and DemoWebShop Tricentis launched successfully
2026-06-15 02:42:03 [main] INFO  org.utilities.qa.Log - Executing ATC_008 - Remove item from the cart and verify cart is empty
2026-06-15 02:42:03 [main] INFO  org.utilities.qa.Log - PostgreSQL database is connected successfully.
2026-06-15 02:42:03 [main] INFO  org.utilities.qa.Log - Database connection closed.
2026-06-15 02:42:03 [main] INFO  org.utilities.qa.Log - Product is fetched from the database :Computing and Internet
2026-06-15 02:42:03 [main] INFO  org.utilities.qa.Log - Searching for the product :Computing and Internet
2026-06-15 02:42:05 [main] INFO  org.utilities.qa.Log - The product is added to cart successfully
2026-06-15 02:42:06 [main] INFO  org.utilities.qa.Log - Removing the product from the cart by clicking on the checkbox
2026-06-15 02:42:06 [main] INFO  org.utilities.qa.Log - Clicking on the Update Shopping Cart Button
2026-06-15 02:42:06 [main] INFO  org.utilities.qa.Log - Checking for the validation message if the cart is empty
2026-06-15 02:42:06 [main] INFO  org.utilities.qa.Log - Test ATC_008 passed successfullly
]]></system-out>
    <system-err><![CDATA[Jun 15, 2026 2:42:00 AM org.openqa.selenium.devtools.CdpVersionFinder findNearestMatch
WARNING: Unable to find an exact match for CDP version 149, returning the closest version; found: 148; Please update to a Selenium version that supports CDP version 149
]]></system-err>
  </testcase>
  <testcase name="ATC_010_Complete_full_checkout" classname="org.tests.qa.CheckoutTest" time="11.397">
    <system-out><![CDATA[2026-06-15 02:42:06 [main] INFO  org.utilities.qa.Log - Cart Test Ended
2026-06-15 02:42:06 [main] INFO  org.utilities.qa.Log - Browser closed successfully...
2026-06-15 02:42:06 [main] INFO  org.utilities.qa.Log - Test started for Checkout Module
2026-06-15 02:42:10 [main] INFO  org.utilities.qa.Log - Browser opened and DemoWebShop Tricentis launched successfully
2026-06-15 02:42:10 [main] INFO  org.utilities.qa.Log - Executing ATC_010 - Complete full checkout flow with COD payment
2026-06-15 02:42:10 [main] INFO  org.utilities.qa.Log - PostgreSQL database is connected successfully.
2026-06-15 02:42:12 [main] INFO  org.utilities.qa.Log - PostgreSQL database is connected successfully.
2026-06-15 02:42:12 [main] INFO  org.utilities.qa.Log - Database connection closed.
2026-06-15 02:42:12 [main] INFO  org.utilities.qa.Log - Checkout product fetched from the database :Computing and Internet
2026-06-15 02:42:12 [main] INFO  org.utilities.qa.Log - Searching for the product :Computing and Internet
2026-06-15 02:42:15 [main] INFO  org.utilities.qa.Log - Checking if the product is there in the cart
2026-06-15 02:42:15 [main] INFO  org.utilities.qa.Log - Agreeing to the terms and proceeding to checkout
2026-06-15 02:42:16 [main] INFO  org.utilities.qa.Log - Clicking on the checkout button
2026-06-15 02:42:17 [main] INFO  org.utilities.qa.Log - PostgreSQL database is connected successfully.
2026-06-15 02:42:17 [main] INFO  org.utilities.qa.Log - Database connection closed.
2026-06-15 02:42:17 [main] INFO  org.utilities.qa.Log - The existing billing address was found. Selecting existing billing address
2026-06-15 02:42:17 [main] INFO  org.utilities.qa.Log - Clicking the billilng address continue button
2026-06-15 02:42:17 [main] INFO  org.utilities.qa.Log - Continuing with the selected shipping address
2026-06-15 02:42:18 [main] INFO  org.utilities.qa.Log - Selecting the Next Air Day Shipping Method
2026-06-15 02:42:18 [main] INFO  org.utilities.qa.Log - Clicking on the continue button after selecting the shipping method
2026-06-15 02:42:18 [main] INFO  org.utilities.qa.Log - Selecting the COD payment method
2026-06-15 02:42:19 [main] INFO  org.utilities.qa.Log - Clicking on the continue button after selecting the payment method
2026-06-15 02:42:19 [main] INFO  org.utilities.qa.Log - Continuing the payment information step
2026-06-15 02:42:20 [main] INFO  org.utilities.qa.Log - Click the confirm order button
2026-06-15 02:42:20 [main] INFO  org.utilities.qa.Log - Checking for the order success message
2026-06-15 02:42:21 [main] INFO  org.utilities.qa.Log - Test ACT_010 passed successfully
]]></system-out>
    <system-err><![CDATA[Jun 15, 2026 2:42:08 AM org.openqa.selenium.devtools.CdpVersionFinder findNearestMatch
WARNING: Unable to find an exact match for CDP version 149, returning the closest version; found: 148; Please update to a Selenium version that supports CDP version 149
]]></system-err>
  </testcase>
  <testcase name="ATC_009_Add_product_to_wishlist" classname="org.tests.qa.WishlistTest" time="3.474">
    <system-out><![CDATA[2026-06-15 02:42:21 [main] INFO  org.utilities.qa.Log - Checkout test ended
2026-06-15 02:42:22 [main] INFO  org.utilities.qa.Log - Browser closed successfully...
2026-06-15 02:42:22 [main] INFO  org.utilities.qa.Log - Start test for Wishlist module
2026-06-15 02:42:25 [main] INFO  org.utilities.qa.Log - Browser opened and DemoWebShop Tricentis launched successfully
2026-06-15 02:42:25 [main] INFO  org.utilities.qa.Log - Executing ATC_009 - Add product to wishlist
2026-06-15 02:42:25 [main] INFO  org.utilities.qa.Log - PostgreSQL database is connected successfully.
2026-06-15 02:42:25 [main] INFO  org.utilities.qa.Log - Database connection closed.
2026-06-15 02:42:25 [main] INFO  org.utilities.qa.Log - Searching for the product :Blue and green Sneaker
2026-06-15 02:42:28 [main] INFO  org.utilities.qa.Log - Getting the count of wishlist
2026-06-15 02:42:28 [main] INFO  org.utilities.qa.Log - Wishlist count after adding product :(1)
2026-06-15 02:42:28 [main] INFO  org.utilities.qa.Log - Opening the wishlist page
2026-06-15 02:42:29 [main] INFO  org.utilities.qa.Log - Checking if the Product is there in the Wishlist
2026-06-15 02:42:29 [main] INFO  org.utilities.qa.Log - Test ATC_009 passed successfully for :Blue and green Sneaker
]]></system-out>
    <system-err><![CDATA[Jun 15, 2026 2:42:23 AM org.openqa.selenium.devtools.CdpVersionFinder findNearestMatch
WARNING: Unable to find an exact match for CDP version 149, returning the closest version; found: 148; Please update to a Selenium version that supports CDP version 149
]]></system-err>
  </testcase>
  <testcase name="ATC_013_Verify_order_history" classname="org.tests.qa.OrderTest" time="3.152">
    <system-out><![CDATA[2026-06-15 02:42:29 [main] INFO  org.utilities.qa.Log - Wishlist module test ended
2026-06-15 02:42:29 [main] INFO  org.utilities.qa.Log - Browser closed successfully...
2026-06-15 02:42:29 [main] INFO  org.utilities.qa.Log - Test started for Order module
2026-06-15 02:42:34 [main] INFO  org.utilities.qa.Log - Browser opened and DemoWebShop Tricentis launched successfully
2026-06-15 02:42:34 [main] INFO  org.utilities.qa.Log - Executing ATC_013 - View order history and verify order details
2026-06-15 02:42:34 [main] INFO  org.utilities.qa.Log - PostgreSQL database is connected successfully.
2026-06-15 02:42:36 [main] INFO  org.utilities.qa.Log - Login completed succesfully
2026-06-15 02:42:36 [main] INFO  org.utilities.qa.Log - Database connection closed.
2026-06-15 02:42:36 [main] INFO  org.utilities.qa.Log - Opening My Account
2026-06-15 02:42:36 [main] INFO  org.utilities.qa.Log - Opening the orders section
2026-06-15 02:42:36 [main] INFO  org.utilities.qa.Log - Checking if order history is displayed
2026-06-15 02:42:36 [main] INFO  org.utilities.qa.Log - Checking if at least 1 order is present
2026-06-15 02:42:36 [main] INFO  org.utilities.qa.Log - Opening the order details page
2026-06-15 02:42:37 [main] INFO  org.utilities.qa.Log - Checking if the order details page is displayed
2026-06-15 02:42:37 [main] INFO  org.utilities.qa.Log - Checking for the order No. being displayed
2026-06-15 02:42:37 [main] INFO  org.utilities.qa.Log - Test ATC_013 passed successfully
]]></system-out>
    <system-err><![CDATA[Jun 15, 2026 2:42:30 AM org.openqa.selenium.devtools.CdpVersionFinder findNearestMatch
WARNING: Unable to find an exact match for CDP version 149, returning the closest version; found: 148; Please update to a Selenium version that supports CDP version 149
]]></system-err>
  </testcase>
  <testcase name="ATC_014_Verify_order_page_navigation" classname="org.tests.qa.OrderTest" time="2.683">
    <system-out><![CDATA[2026-06-15 02:42:37 [main] INFO  org.utilities.qa.Log - Order page test ended
2026-06-15 02:42:37 [main] INFO  org.utilities.qa.Log - Browser closed successfully...
2026-06-15 02:42:37 [main] INFO  org.utilities.qa.Log - Test started for Order module
2026-06-15 02:42:41 [main] INFO  org.utilities.qa.Log - Browser opened and DemoWebShop Tricentis launched successfully
2026-06-15 02:42:41 [main] INFO  org.utilities.qa.Log - Executing ATC_014 - Verify order page navigation and order visibility
2026-06-15 02:42:41 [main] INFO  org.utilities.qa.Log - PostgreSQL database is connected successfully.
2026-06-15 02:42:43 [main] INFO  org.utilities.qa.Log - Login completed succesfully
2026-06-15 02:42:43 [main] INFO  org.utilities.qa.Log - Database connection closed.
2026-06-15 02:42:43 [main] INFO  org.utilities.qa.Log - Opening My Account
2026-06-15 02:42:43 [main] INFO  org.utilities.qa.Log - Opening the orders section
2026-06-15 02:42:44 [main] INFO  org.utilities.qa.Log - Checking if order history is displayed
2026-06-15 02:42:44 [main] INFO  org.utilities.qa.Log - Checking if at least 1 order is present
2026-06-15 02:42:44 [main] INFO  org.utilities.qa.Log - Test ATC_014 passed successfully
]]></system-out>
    <system-err><![CDATA[Jun 15, 2026 2:42:39 AM org.openqa.selenium.devtools.CdpVersionFinder findNearestMatch
WARNING: Unable to find an exact match for CDP version 149, returning the closest version; found: 148; Please update to a Selenium version that supports CDP version 149
]]></system-err>
  </testcase>
  <testcase name="ATC_011_Apply_valid_coupon" classname="org.tests.qa.CouponTest" time="0.0">
    <skipped message="Blocked : Valid coupon code is not available in Demo Web Shop application"/>
    <system-out><![CDATA[2026-06-15 02:42:44 [main] INFO  org.utilities.qa.Log - Order page test ended
2026-06-15 02:42:44 [main] INFO  org.utilities.qa.Log - Browser closed successfully...
2026-06-15 02:42:44 [main] INFO  org.utilities.qa.Log - Test started for Coupon Module
2026-06-15 02:42:48 [main] INFO  org.utilities.qa.Log - Browser opened and DemoWebShop Tricentis launched successfully
]]></system-out>
    <system-err><![CDATA[Jun 15, 2026 2:42:45 AM org.openqa.selenium.devtools.CdpVersionFinder findNearestMatch
WARNING: Unable to find an exact match for CDP version 149, returning the closest version; found: 148; Please update to a Selenium version that supports CDP version 149
]]></system-err>
  </testcase>
  <testcase name="ATC_012_Apply_invalid_coupon" classname="org.tests.qa.CouponTest" time="4.369">
    <system-out><![CDATA[2026-06-15 02:42:48 [main] INFO  org.utilities.qa.Log - Test ended for coupon module
2026-06-15 02:42:48 [main] INFO  org.utilities.qa.Log - Browser closed successfully...
2026-06-15 02:42:48 [main] INFO  org.utilities.qa.Log - Test started for Coupon Module
2026-06-15 02:42:53 [main] INFO  org.utilities.qa.Log - Browser opened and DemoWebShop Tricentis launched successfully
2026-06-15 02:42:53 [main] INFO  org.utilities.qa.Log - Executing ATC_012 - Apply invalid coupon and verify error message
2026-06-15 02:42:53 [main] INFO  org.utilities.qa.Log - Adding product to cart : Blue Jeans
2026-06-15 02:42:53 [main] INFO  org.utilities.qa.Log - Searching for the product :Blue Jeans
2026-06-15 02:42:57 [main] INFO  org.utilities.qa.Log - Checking if the product is there in the cart
2026-06-15 02:42:57 [main] INFO  org.utilities.qa.Log - Entering coupon code :TIRA20BEAUTY
2026-06-15 02:42:57 [main] INFO  org.utilities.qa.Log - Clicked on Apply coupon button
2026-06-15 02:42:57 [main] INFO  org.utilities.qa.Log - Checking if the copoun message is displayed
2026-06-15 02:42:57 [main] INFO  org.utilities.qa.Log - Getting coupon message text
2026-06-15 02:42:57 [main] INFO  org.utilities.qa.Log - Test ATC_012 passed successfully
]]></system-out>
    <system-err><![CDATA[Jun 15, 2026 2:42:49 AM org.openqa.selenium.devtools.CdpVersionFinder findNearestMatch
WARNING: Unable to find an exact match for CDP version 149, returning the closest version; found: 148; Please update to a Selenium version that supports CDP version 149
]]></system-err>
  </testcase>
  <testcase name="ATC_019_Verify_compare_product_function" classname="org.tests.qa.CompareProductTest" time="5.617">
    <system-out><![CDATA[2026-06-15 02:42:57 [main] INFO  org.utilities.qa.Log - Test ended for coupon module
2026-06-15 02:42:58 [main] INFO  org.utilities.qa.Log - Browser closed successfully...
2026-06-15 02:42:58 [main] INFO  org.utilities.qa.Log - Start test for Compare Product Page
2026-06-15 02:43:02 [main] INFO  org.utilities.qa.Log - Browser opened and DemoWebShop Tricentis launched successfully
2026-06-15 02:43:02 [main] INFO  org.utilities.qa.Log - Executing ATC_019 - Verify compare product functionality
2026-06-15 02:43:02 [main] INFO  org.utilities.qa.Log - PostgreSQL database is connected successfully.
2026-06-15 02:43:02 [main] INFO  org.utilities.qa.Log - Database connection closed.
2026-06-15 02:43:02 [main] INFO  org.utilities.qa.Log - Product 1 :Blue Jeans
2026-06-15 02:43:02 [main] INFO  org.utilities.qa.Log - Product 2 :Denim Short with Rhinestones
2026-06-15 02:43:02 [main] INFO  org.utilities.qa.Log - Searching for the product :Blue Jeans
2026-06-15 02:43:04 [main] INFO  org.utilities.qa.Log - Blue Jeans was added to compare list
2026-06-15 02:43:04 [main] INFO  org.utilities.qa.Log - Searching for the product :Denim Short with Rhinestones
2026-06-15 02:43:07 [main] INFO  org.utilities.qa.Log - Denim Short with Rhinestones was added to compare list
2026-06-15 02:43:07 [main] INFO  org.utilities.qa.Log - Checking for the compare products page
2026-06-15 02:43:07 [main] INFO  org.utilities.qa.Log - Getting the page title for the compare product page
2026-06-15 02:43:07 [main] INFO  org.utilities.qa.Log - Compare products verified successfully
]]></system-out>
    <system-err><![CDATA[Jun 15, 2026 2:42:59 AM org.openqa.selenium.devtools.CdpVersionFinder findNearestMatch
WARNING: Unable to find an exact match for CDP version 149, returning the closest version; found: 148; Please update to a Selenium version that supports CDP version 149
]]></system-err>
  </testcase>
  <testcase name="ATC_005_Verify_prod_sort" classname="org.tests.qa.PriceFilterTest" time="2.601">
    <system-out><![CDATA[2026-06-15 02:43:07 [main] INFO  org.utilities.qa.Log - Compare Products test ended
2026-06-15 02:43:08 [main] INFO  org.utilities.qa.Log - Browser closed successfully...
2026-06-15 02:43:08 [main] INFO  org.utilities.qa.Log - Test started for price filter module
2026-06-15 02:43:11 [main] INFO  org.utilities.qa.Log - Browser opened and DemoWebShop Tricentis launched successfully
2026-06-15 02:43:11 [main] INFO  org.utilities.qa.Log - Executing ATC_005 - Verify product price sorting
2026-06-15 02:43:11 [main] INFO  org.utilities.qa.Log - Opening Apparel & Shoes Category
2026-06-15 02:43:12 [main] INFO  org.utilities.qa.Log - Selecting price Low to High
2026-06-15 02:43:13 [main] INFO  org.utilities.qa.Log - Getting the price for all products
2026-06-15 02:43:13 [main] INFO  org.utilities.qa.Log - Prices after Low to High sorting :[1.0, 1.0, 1.0, 10.0, 11.0, 11.0, 15.0, 17.56]
2026-06-15 02:43:13 [main] INFO  org.utilities.qa.Log - Products are sorted low to high successfully
2026-06-15 02:43:13 [main] INFO  org.utilities.qa.Log - Selecting price High to Low
2026-06-15 02:43:14 [main] INFO  org.utilities.qa.Log - Getting the price for all products
2026-06-15 02:43:14 [main] INFO  org.utilities.qa.Log - Prices after High to Low Sorting :[40.0, 35.0, 30.0, 25.0, 24.0, 17.56, 15.0, 11.0]
2026-06-15 02:43:14 [main] INFO  org.utilities.qa.Log - test ATC_005 passed successfully
]]></system-out>
    <system-err><![CDATA[Jun 15, 2026 2:43:09 AM org.openqa.selenium.devtools.CdpVersionFinder findNearestMatch
WARNING: Unable to find an exact match for CDP version 149, returning the closest version; found: 148; Please update to a Selenium version that supports CDP version 149
]]></system-err>
  </testcase>
  <testcase name="ATC_020_Verify_my_acc_page_navigation" classname="org.tests.qa.MyAccountTest" time="2.147">
    <system-out><![CDATA[2026-06-15 02:43:14 [main] INFO  org.utilities.qa.Log - Price Filter Test Ended
2026-06-15 02:43:14 [main] INFO  org.utilities.qa.Log - Browser closed successfully...
2026-06-15 02:43:14 [main] INFO  org.utilities.qa.Log - Test Started for My Account Module
2026-06-15 02:43:17 [main] INFO  org.utilities.qa.Log - Browser opened and DemoWebShop Tricentis launched successfully
2026-06-15 02:43:17 [main] INFO  org.utilities.qa.Log - Executing ATC_020 - Verify My Account page navigation
2026-06-15 02:43:17 [main] INFO  org.utilities.qa.Log - PostgreSQL database is connected successfully.
2026-06-15 02:43:19 [main] INFO  org.utilities.qa.Log - Login completed
2026-06-15 02:43:19 [main] INFO  org.utilities.qa.Log - Database connection closed.
2026-06-15 02:43:19 [main] INFO  org.utilities.qa.Log - Opening My Account
2026-06-15 02:43:19 [main] INFO  org.utilities.qa.Log - Checking if My Account is open
2026-06-15 02:43:19 [main] INFO  org.utilities.qa.Log - My Account page title
2026-06-15 02:43:19 [main] INFO  org.utilities.qa.Log - Checking if the link for orders is displayed
2026-06-15 02:43:19 [main] INFO  org.utilities.qa.Log - Test ATC_020 passed successfully
]]></system-out>
    <system-err><![CDATA[Jun 15, 2026 2:43:15 AM org.openqa.selenium.devtools.CdpVersionFinder findNearestMatch
WARNING: Unable to find an exact match for CDP version 149, returning the closest version; found: 148; Please update to a Selenium version that supports CDP version 149
]]></system-err>
  </testcase>
</testsuite>