<?xml version="1.0" encoding="UTF-8"?>
<!-- Generated by org.testng.reporters.JUnitReportReporter -->
<testsuite hostname="LAPTOP-9L7GU43Q" failures="0" tests="7" name="org.tests.qa.ProductDetailsTest" time="46.284" errors="0" timestamp="2026-06-15T02:43:20 IST" skipped="0">
  <testcase classname="org.tests.qa.ProductDetailsTest" name="ATC_018_Verify_product_details_page" time="5.986"/>
  <testcase classname="org.tests.qa.ProductDetailsTest" name="ATC_018_Verify_product_details_page" time="6.191"/>
  <testcase classname="org.tests.qa.ProductDetailsTest" name="ATC_018_Verify_product_details_page" time="7.170"/>
  <testcase classname="org.tests.qa.ProductDetailsTest" name="ATC_018_Verify_product_details_page" time="5.932"/>
  <testcase classname="org.tests.qa.ProductDetailsTest" name="ATC_018_Verify_product_details_page" time="7.171"/>
  <testcase classname="org.tests.qa.ProductDetailsTest" name="ATC_018_Verify_product_details_page" time="6.648"/>
  <testcase classname="org.tests.qa.ProductDetailsTest" name="ATC_018_Verify_product_details_page" time="7.186"/>
</testsuite> <!-- org.tests.qa.ProductDetailsTest -->
