<?xml version="1.0" encoding="UTF-8"?>
<!-- Generated by org.testng.reporters.JUnitReportReporter -->
<testsuite hostname="LAPTOP-9L7GU43Q" failures="0" tests="2" name="org.tests.qa.OrderTest" time="14.668" errors="0" timestamp="2026-06-15T02:43:20 IST" skipped="0">
  <testcase classname="org.tests.qa.OrderTest" name="ATC_013_Verify_order_history" time="8.232"/>
  <testcase classname="org.tests.qa.OrderTest" name="ATC_014_Verify_order_page_navigation" time="6.436"/>
</testsuite> <!-- org.tests.qa.OrderTest -->
