<?xml version="1.0" encoding="UTF-8"?>
<!-- Generated by org.testng.reporters.JUnitReportReporter -->
<testsuite hostname="LAPTOP-9L7GU43Q" failures="0" tests="2" name="org.tests.qa.RegisterTest" time="13.061" errors="0" timestamp="2026-06-15T02:43:20 IST" skipped="0">
  <testcase classname="org.tests.qa.RegisterTest" name="ATC_001_Verify_user_registration_with_valid_data" time="7.308"/>
  <testcase classname="org.tests.qa.RegisterTest" name="ATC_015_Verify_user_registration_with_empty_fields" time="5.753"/>
</testsuite> <!-- org.tests.qa.RegisterTest -->
