<?xml version="1.0" encoding="UTF-8"?>
<!-- Generated by org.testng.reporters.JUnitReportReporter -->
<testsuite hostname="LAPTOP-9L7GU43Q" failures="0" tests="4" name="org.tests.qa.SearchProductTest" time="18.971" errors="0" timestamp="2026-06-15T02:43:20 IST" skipped="0">
  <testcase classname="org.tests.qa.SearchProductTest" name="ATC_004_Verify_product_with_valid_keyword" time="4.426"/>
  <testcase classname="org.tests.qa.SearchProductTest" name="ATC_004_Verify_product_with_valid_keyword" time="4.572"/>
  <testcase classname="org.tests.qa.SearchProductTest" name="ATC_017_Verify_product_search_with_invalid_keyword" time="5.276"/>
  <testcase classname="org.tests.qa.SearchProductTest" name="ATC_017_Verify_product_search_with_invalid_keyword" time="4.697"/>
</testsuite> <!-- org.tests.qa.SearchProductTest -->
