<?xml version="1.0" encoding="UTF-8"?>
<!-- Generated by org.testng.reporters.JUnitReportReporter -->
<testsuite hostname="LAPTOP-9L7GU43Q" failures="0" tests="2" name="org.tests.qa.CouponTest" time="13.750" errors="0" timestamp="2026-06-15T02:43:20 IST" skipped="1">
  <testcase classname="org.tests.qa.CouponTest" name="ATC_011_Apply_valid_coupon" time="4.273">
    <skipped/>
  </testcase> <!-- ATC_011_Apply_valid_coupon -->
  <testcase classname="org.tests.qa.CouponTest" name="ATC_012_Apply_invalid_coupon" time="9.477"/>
</testsuite> <!-- org.tests.qa.CouponTest -->
