<?xml version="1.0" encoding="UTF-8"?>
<!-- Generated by org.testng.reporters.JUnitReportReporter -->
<testsuite hostname="LAPTOP-9L7GU43Q" failures="0" tests="3" name="org.tests.qa.LoginTest" time="16.755" errors="0" timestamp="2026-06-15T02:43:20 IST" skipped="0">
  <testcase classname="org.tests.qa.LoginTest" name="ATC_002_Verify_login_with_valid_credentials" time="5.116"/>
  <testcase classname="org.tests.qa.LoginTest" name="ATC_003_Verify_login_with_invalid_password" time="4.992"/>
  <testcase classname="org.tests.qa.LoginTest" name="ATC_016_Verify_logout_function" time="6.647"/>
</testsuite> <!-- org.tests.qa.LoginTest -->
