<?xml version="1.0" encoding="UTF-8"?>
<!-- Generated by org.testng.reporters.JUnitXMLReporter -->
<testsuite ignored="0" hostname="LAPTOP-9L7GU43Q" failures="0" tests="28" name="Test" time="190.83" errors="0" timestamp="2026-06-15T02:43:20 IST">
  <testcase classname="org.tests.qa.RegisterTest" name="ATC_001_Verify_user_registration_with_valid_data" time="2.403"/>
  <testcase classname="org.tests.qa.RegisterTest" name="ATC_015_Verify_user_registration_with_empty_fields" time="0.836"/>
  <testcase classname="org.tests.qa.LoginTest" name="ATC_002_Verify_login_with_valid_credentials" time="1.513"/>
  <testcase classname="org.tests.qa.LoginTest" name="ATC_003_Verify_login_with_invalid_password" time="1.156"/>
  <testcase classname="org.tests.qa.LoginTest" name="ATC_016_Verify_logout_function" time="2.183"/>
  <testcase classname="org.tests.qa.SearchProductTest" name="ATC_004_Verify_product_with_valid_keyword" time="1.196"/>
  <testcase classname="org.tests.qa.SearchProductTest" name="ATC_004_Verify_product_with_valid_keyword" time="0.885"/>
  <testcase classname="org.tests.qa.SearchProductTest" name="ATC_017_Verify_product_search_with_invalid_keyword" time="0.973"/>
  <testcase classname="org.tests.qa.SearchProductTest" name="ATC_017_Verify_product_search_with_invalid_keyword" time="0.87"/>
  <testcase classname="org.tests.qa.ProductDetailsTest" name="ATC_018_Verify_product_details_page" time="2.71"/>
  <testcase classname="org.tests.qa.ProductDetailsTest" name="ATC_018_Verify_product_details_page" time="2.938"/>
  <testcase classname="org.tests.qa.ProductDetailsTest" name="ATC_018_Verify_product_details_page" time="2.65"/>
  <testcase classname="org.tests.qa.ProductDetailsTest" name="ATC_018_Verify_product_details_page" time="2.589"/>
  <testcase classname="org.tests.qa.ProductDetailsTest" name="ATC_018_Verify_product_details_page" time="2.25"/>
  <testcase classname="org.tests.qa.ProductDetailsTest" name="ATC_018_Verify_product_details_page" time="2.435"/>
  <testcase classname="org.tests.qa.ProductDetailsTest" name="ATC_018_Verify_product_details_page" time="2.369"/>
  <testcase classname="org.tests.qa.CartTest" name="ATC_006_Add_product_to_the_cart" time="3.076"/>
  <testcase classname="org.tests.qa.CartTest" name="ATC_007_Update_cart_item_quantity" time="4.33"/>
  <testcase classname="org.tests.qa.CartTest" name="ATC_008_Remove_item_from_cart" time="3.623"/>
  <testcase classname="org.tests.qa.CheckoutTest" name="ATC_010_Complete_full_checkout" time="11.394"/>
  <testcase classname="org.tests.qa.WishlistTest" name="ATC_009_Add_product_to_wishlist" time="3.475"/>
  <testcase classname="org.tests.qa.OrderTest" name="ATC_013_Verify_order_history" time="3.154"/>
  <testcase classname="org.tests.qa.OrderTest" name="ATC_014_Verify_order_page_navigation" time="2.684"/>
  <testcase classname="org.tests.qa.CouponTest" name="ATC_011_Apply_valid_coupon" time="0.004">
    <skipped/>
  </testcase> <!-- ATC_011_Apply_valid_coupon -->
  <testcase classname="org.tests.qa.CouponTest" name="ATC_012_Apply_invalid_coupon" time="4.357"/>
  <testcase classname="org.tests.qa.CompareProductTest" name="ATC_019_Verify_compare_product_function" time="5.602"/>
  <testcase classname="org.tests.qa.PriceFilterTest" name="ATC_005_Verify_prod_sort" time="2.603"/>
  <testcase classname="org.tests.qa.MyAccountTest" name="ATC_020_Verify_my_acc_page_navigation" time="2.143"/>
</testsuite> <!-- Test -->
