<?xml version="1.0" encoding="UTF-8"?>
<!-- Generated by org.testng.reporters.JUnitXMLReporter -->
<testsuite ignored="0" hostname="LAPTOP-9L7GU43Q" failures="0" tests="19" name="Test" time="30.461" errors="0" timestamp="2026-06-14T22:19:29 IST">
  <testcase classname="org.tests.qa.POST_RequestTest" name="addProdToWl" time="4.837"/>
  <testcase classname="org.tests.qa.POST_RequestTest" name="resetPassEmail" time="11.835"/>
  <testcase classname="org.tests.qa.POST_RequestTest" name="login" time="0.538"/>
  <testcase classname="org.tests.qa.POST_RequestTest" name="addItemtocart" time="0.504"/>
  <testcase classname="org.tests.qa.POST_RequestTest" name="newUserRegister" time="0.99"/>
  <testcase classname="org.tests.qa.POST_RequestTest" name="placeAnOrder" time="1.947"/>
  <testcase classname="org.tests.qa.POST_RequestTest" name="deliveryAdd" time="0.892"/>
  <testcase classname="org.tests.qa.POST_RequestTest" name="validCouponCode" time="0.532"/>
  <testcase classname="org.tests.qa.GET_RequestTest" name="listAllProd" time="0.516"/>
  <testcase classname="org.tests.qa.GET_RequestTest" name="getProductById" time="2.286"/>
  <testcase classname="org.tests.qa.GET_RequestTest" name="getCurrentUserCart" time="0.43"/>
  <testcase classname="org.tests.qa.GET_RequestTest" name="getCurrentUserProfile" time="0.423"/>
  <testcase classname="org.tests.qa.GET_RequestTest" name="getWishlist" time="0.865"/>
  <testcase classname="org.tests.qa.GET_RequestTest" name="getAllOrders" time="0.486"/>
  <testcase classname="org.tests.qa.GET_RequestTest" name="getOrderDetails" time="0.504"/>
  <testcase classname="org.tests.qa.PUT_RequestTest" name="updateCartQty" time="0.442"/>
  <testcase classname="org.tests.qa.PUT_RequestTest" name="updateUserProfile" time="0.408"/>
  <testcase classname="org.tests.qa.DELETE_RequestTest" name="deleteCart" time="0.463"/>
  <testcase classname="org.tests.qa.DELETE_RequestTest" name="canceltheOrder" time="0.952"/>
</testsuite> <!-- Test -->
