<?xml version="1.0" encoding="UTF-8"?>
<!-- Generated by org.testng.reporters.JUnitReportReporter -->
<testsuite hostname="LAPTOP-9L7GU43Q" failures="0" tests="7" name="org.tests.qa.ProductDetailsTest" time="45.461" errors="0" timestamp="2026-06-12T14:37:58 IST" skipped="0">
  <testcase classname="org.tests.qa.ProductDetailsTest" name="ATC_018_Verify_product_details_page" time="7.566"/>
  <testcase classname="org.tests.qa.ProductDetailsTest" name="ATC_018_Verify_product_details_page" time="6.221"/>
  <testcase classname="org.tests.qa.ProductDetailsTest" name="ATC_018_Verify_product_details_page" time="6.224"/>
  <testcase classname="org.tests.qa.ProductDetailsTest" name="ATC_018_Verify_product_details_page" time="6.666"/>
  <testcase classname="org.tests.qa.ProductDetailsTest" name="ATC_018_Verify_product_details_page" time="6.335"/>
  <testcase classname="org.tests.qa.ProductDetailsTest" name="ATC_018_Verify_product_details_page" time="6.748"/>
  <testcase classname="org.tests.qa.ProductDetailsTest" name="ATC_018_Verify_product_details_page" time="5.701"/>
</testsuite> <!-- org.tests.qa.ProductDetailsTest -->
